2025-04-23 14:19:31 [INFO] 
=== Final Statistics ===
2025-04-23 14:19:31 [INFO] Total frames processed: 1
2025-04-23 14:19:31 [INFO] Processed frames: 0
2025-04-23 14:19:31 [INFO] Total time: 4.13 seconds
2025-04-23 14:19:31 [INFO] Average FPS: 0.0
2025-04-23 14:19:31 [INFO] Max FPS: 0.0
2025-04-23 14:19:31 [INFO] Output saved to: video_output\output_tracking.mp4
2025-04-23 14:20:10 [INFO] Processed 10 frames | Current FPS: 11.9
2025-04-23 14:20:11 [INFO] Processed 20 frames | Current FPS: 15.6
2025-04-23 14:20:12 [INFO] Processed 30 frames | Current FPS: 13.0
2025-04-23 14:20:13 [INFO] Processed 40 frames | Current FPS: 15.2
2025-04-23 14:20:13 [INFO] Processed 50 frames | Current FPS: 8.9
2025-04-23 14:20:14 [INFO] Processed 60 frames | Current FPS: 17.3
2025-04-23 14:20:15 [INFO] Processed 70 frames | Current FPS: 15.7
2025-04-23 14:20:15 [INFO] Processed 80 frames | Current FPS: 11.4
2025-04-23 14:20:16 [INFO] Processed 90 frames | Current FPS: 20.2
2025-04-23 14:20:16 [INFO] Processed 100 frames | Current FPS: 22.3
2025-04-23 14:20:17 [INFO] Processed 110 frames | Current FPS: 12.5
2025-04-23 14:20:18 [INFO] Processed 120 frames | Current FPS: 16.6
2025-04-23 14:20:18 [INFO] Processed 130 frames | Current FPS: 15.5
2025-04-23 14:20:19 [INFO] Processed 140 frames | Current FPS: 17.1
2025-04-23 14:20:19 [INFO] Processed 150 frames | Current FPS: 22.8
2025-04-23 14:20:20 [INFO] Processed 160 frames | Current FPS: 18.4
2025-04-23 14:20:20 [INFO] Processed 170 frames | Current FPS: 12.6
2025-04-23 14:20:21 [INFO] Processed 180 frames | Current FPS: 14.8
2025-04-23 14:20:22 [INFO] Processed 190 frames | Current FPS: 17.8
2025-04-23 14:20:22 [INFO] Processed 200 frames | Current FPS: 19.5
2025-04-23 14:20:23 [INFO] Processed 210 frames | Current FPS: 12.8
2025-04-23 14:20:23 [INFO] Processed 220 frames | Current FPS: 15.7
2025-04-23 14:20:24 [INFO] Processed 230 frames | Current FPS: 18.1
2025-04-23 14:20:24 [INFO] 
=== Final Statistics ===
2025-04-23 14:20:24 [INFO] Total frames processed: 236
2025-04-23 14:20:24 [INFO] Processed frames: 235
2025-04-23 14:20:24 [INFO] Total time: 19.18 seconds
2025-04-23 14:20:24 [INFO] Average FPS: 12.3
2025-04-23 14:20:24 [INFO] Max FPS: 25.0
2025-04-23 14:20:24 [INFO] Output saved to: video_output\output_tracking.mp4
2025-04-23 14:21:54 [INFO] Processed 10 frames | Current FPS: 10.7
2025-04-23 14:21:55 [INFO] Processed 20 frames | Current FPS: 15.7
2025-04-23 14:21:55 [INFO] Processed 30 frames | Current FPS: 12.3
2025-04-23 14:21:56 [INFO] Processed 40 frames | Current FPS: 16.3
2025-04-23 14:21:57 [INFO] Processed 50 frames | Current FPS: 11.3
2025-04-23 14:21:57 [INFO] Processed 60 frames | Current FPS: 15.1
2025-04-23 14:21:58 [INFO] Processed 70 frames | Current FPS: 15.5
2025-04-23 14:21:59 [INFO] Processed 80 frames | Current FPS: 11.4
2025-04-23 14:21:59 [INFO] Processed 90 frames | Current FPS: 17.0
2025-04-23 14:22:00 [INFO] Processed 100 frames | Current FPS: 21.1
2025-04-23 14:22:01 [INFO] Processed 110 frames | Current FPS: 13.1
2025-04-23 14:22:01 [INFO] Processed 120 frames | Current FPS: 17.9
2025-04-23 14:22:02 [INFO] Processed 130 frames | Current FPS: 18.6
2025-04-23 14:22:02 [INFO] Processed 140 frames | Current FPS: 16.2
2025-04-23 14:22:03 [INFO] Processed 150 frames | Current FPS: 23.9
2025-04-23 14:22:03 [INFO] Processed 160 frames | Current FPS: 19.8
2025-04-23 14:22:04 [INFO] Processed 170 frames | Current FPS: 12.7
2025-04-23 14:22:05 [INFO] Processed 180 frames | Current FPS: 15.7
2025-04-23 14:22:05 [INFO] Processed 190 frames | Current FPS: 19.3
2025-04-23 14:22:06 [INFO] Processed 200 frames | Current FPS: 20.1
2025-04-23 14:22:06 [INFO] Processed 210 frames | Current FPS: 13.8
2025-04-23 14:22:07 [INFO] Processed 220 frames | Current FPS: 21.0
2025-04-23 14:22:07 [INFO] Processed 230 frames | Current FPS: 18.7
2025-04-23 14:22:08 [INFO] Processed 240 frames | Current FPS: 18.3
2025-04-23 14:22:08 [INFO] Processed 250 frames | Current FPS: 26.2
2025-04-23 14:22:09 [INFO] Processed 260 frames | Current FPS: 17.2
2025-04-23 14:22:10 [INFO] Processed 270 frames | Current FPS: 27.4
2025-04-23 14:22:10 [INFO] Processed 280 frames | Current FPS: 21.0
2025-04-23 14:22:10 [INFO] Processed 290 frames | Current FPS: 25.0
2025-04-23 14:22:11 [INFO] Processed 300 frames | Current FPS: 24.2
2025-04-23 14:22:11 [INFO] Processed 310 frames | Current FPS: 21.4
2025-04-23 14:22:12 [INFO] Processed 320 frames | Current FPS: 25.8
2025-04-23 14:22:12 [INFO] Processed 330 frames | Current FPS: 12.0
2025-04-23 14:22:13 [INFO] Processed 340 frames | Current FPS: 28.3
2025-04-23 14:22:13 [INFO] Processed 350 frames | Current FPS: 13.2
2025-04-23 14:22:14 [INFO] Processed 360 frames | Current FPS: 24.0
2025-04-23 14:22:15 [INFO] Processed 370 frames | Current FPS: 16.2
2025-04-23 14:22:15 [INFO] Processed 380 frames | Current FPS: 15.1
2025-04-23 14:22:16 [INFO] Processed 390 frames | Current FPS: 12.2
2025-04-23 14:22:17 [INFO] Processed 400 frames | Current FPS: 15.0
2025-04-23 14:22:17 [INFO] Processed 410 frames | Current FPS: 19.0
2025-04-23 14:22:18 [INFO] Processed 420 frames | Current FPS: 11.0
2025-04-23 14:22:19 [INFO] Processed 430 frames | Current FPS: 8.0
2025-04-23 14:22:20 [INFO] Processed 440 frames | Current FPS: 10.3
2025-04-23 14:22:21 [INFO] Processed 450 frames | Current FPS: 11.6
2025-04-23 14:22:22 [INFO] Processed 460 frames | Current FPS: 10.0
2025-04-23 14:22:22 [INFO] 
=== Final Statistics ===
2025-04-23 14:22:22 [INFO] Total frames processed: 465
2025-04-23 14:22:22 [INFO] Processed frames: 464
2025-04-23 14:22:22 [INFO] Total time: 32.78 seconds
2025-04-23 14:22:22 [INFO] Average FPS: 14.2
2025-04-23 14:22:22 [INFO] Max FPS: 28.4
2025-04-23 14:22:22 [INFO] Output saved to: video_output\output_tracking.mp4
2025-04-23 14:23:35 [INFO] Processed 10 frames | Current FPS: 11.0
2025-04-23 14:23:36 [INFO] Processed 20 frames | Current FPS: 15.3
2025-04-23 14:23:36 [INFO] Processed 30 frames | Current FPS: 12.3
2025-04-23 14:23:37 [INFO] Processed 40 frames | Current FPS: 17.5
2025-04-23 14:23:37 [INFO] Processed 50 frames | Current FPS: 11.2
2025-04-23 14:23:38 [INFO] Processed 60 frames | Current FPS: 15.4
2025-04-23 14:23:39 [INFO] Processed 70 frames | Current FPS: 18.0
2025-04-23 14:23:39 [INFO] Processed 80 frames | Current FPS: 10.2
2025-04-23 14:23:40 [INFO] Processed 90 frames | Current FPS: 19.9
2025-04-23 14:23:40 [INFO] Processed 100 frames | Current FPS: 25.0
2025-04-23 14:23:41 [INFO] Processed 110 frames | Current FPS: 13.7
2025-04-23 14:23:42 [INFO] Processed 120 frames | Current FPS: 17.6
2025-04-23 14:23:42 [INFO] Processed 130 frames | Current FPS: 15.6
2025-04-23 14:23:43 [INFO] Processed 140 frames | Current FPS: 12.8
2025-04-23 14:23:44 [INFO] Processed 150 frames | Current FPS: 16.2
2025-04-23 14:23:44 [INFO] Processed 160 frames | Current FPS: 18.9
2025-04-23 14:23:45 [INFO] Processed 170 frames | Current FPS: 12.1
2025-04-23 14:23:46 [INFO] Processed 180 frames | Current FPS: 16.3
2025-04-23 14:23:46 [INFO] Processed 190 frames | Current FPS: 19.4
2025-04-23 14:23:47 [INFO] Processed 200 frames | Current FPS: 18.5
2025-04-23 14:23:47 [INFO] Processed 210 frames | Current FPS: 11.5
2025-04-23 14:23:48 [INFO] Processed 220 frames | Current FPS: 19.4
2025-04-23 14:23:48 [INFO] Processed 230 frames | Current FPS: 16.3
2025-04-23 14:23:49 [INFO] Processed 240 frames | Current FPS: 15.9
2025-04-23 14:23:50 [INFO] Processed 250 frames | Current FPS: 25.4
2025-04-23 14:23:50 [INFO] Processed 260 frames | Current FPS: 16.3
2025-04-23 14:23:51 [INFO] Processed 270 frames | Current FPS: 22.7
2025-04-23 14:23:51 [INFO] Processed 280 frames | Current FPS: 18.1
2025-04-23 14:23:52 [INFO] Processed 290 frames | Current FPS: 20.0
2025-04-23 14:23:52 [INFO] Processed 300 frames | Current FPS: 18.3
2025-04-23 14:23:53 [INFO] Processed 310 frames | Current FPS: 20.9
2025-04-23 14:23:53 [INFO] Processed 320 frames | Current FPS: 24.5
2025-04-23 14:23:54 [INFO] Processed 330 frames | Current FPS: 11.9
2025-04-23 14:23:54 [INFO] Processed 340 frames | Current FPS: 24.9
2025-04-23 14:23:55 [INFO] Processed 350 frames | Current FPS: 19.2
2025-04-23 14:23:55 [INFO] Processed 360 frames | Current FPS: 25.5
2025-04-23 14:23:56 [INFO] Processed 370 frames | Current FPS: 15.7
2025-04-23 14:23:57 [INFO] Processed 380 frames | Current FPS: 15.4
2025-04-23 14:23:57 [INFO] Processed 390 frames | Current FPS: 11.8
2025-04-23 14:23:58 [INFO] Processed 400 frames | Current FPS: 14.9
2025-04-23 14:23:59 [INFO] Processed 410 frames | Current FPS: 19.8
2025-04-23 14:23:59 [INFO] Processed 420 frames | Current FPS: 9.7
2025-04-23 14:24:00 [INFO] Processed 430 frames | Current FPS: 8.4
2025-04-23 14:24:01 [INFO] Processed 440 frames | Current FPS: 9.7
2025-04-23 14:24:02 [INFO] Processed 450 frames | Current FPS: 10.6
2025-04-23 14:24:03 [INFO] Processed 460 frames | Current FPS: 11.0
2025-04-23 14:24:04 [INFO] Processed 470 frames | Current FPS: 9.5
2025-04-23 14:24:05 [INFO] Processed 480 frames | Current FPS: 16.6
2025-04-23 14:24:06 [INFO] Processed 490 frames | Current FPS: 11.7
2025-04-23 14:24:07 [INFO] Processed 500 frames | Current FPS: 9.9
2025-04-23 14:24:07 [INFO] Processed 510 frames | Current FPS: 11.2
2025-04-23 14:24:08 [INFO] Processed 520 frames | Current FPS: 10.8
2025-04-23 14:24:09 [INFO] Processed 530 frames | Current FPS: 14.5
2025-04-23 14:24:10 [INFO] Processed 540 frames | Current FPS: 9.8
2025-04-23 14:24:11 [INFO] Processed 550 frames | Current FPS: 13.6
2025-04-23 14:24:11 [INFO] Processed 560 frames | Current FPS: 10.2
2025-04-23 14:24:12 [INFO] 
=== Final Statistics ===
2025-04-23 14:24:12 [INFO] Total frames processed: 568
2025-04-23 14:24:12 [INFO] Processed frames: 567
2025-04-23 14:24:12 [INFO] Total time: 41.74 seconds
2025-04-23 14:24:12 [INFO] Average FPS: 13.6
2025-04-23 14:24:12 [INFO] Max FPS: 27.1
2025-04-23 14:24:12 [INFO] Output saved to: video_output\output_tracking.mp4
2025-04-23 14:31:30 [INFO] Processed 10 frames | Current FPS: 9.8
2025-04-23 14:31:31 [INFO] Processed 20 frames | Current FPS: 17.4
2025-04-23 14:31:32 [INFO] Processed 30 frames | Current FPS: 11.8
2025-04-23 14:31:32 [INFO] Processed 40 frames | Current FPS: 14.9
2025-04-23 14:31:33 [INFO] Processed 50 frames | Current FPS: 9.1
2025-04-23 14:31:34 [INFO] Processed 60 frames | Current FPS: 17.7
2025-04-23 14:31:35 [INFO] Processed 70 frames | Current FPS: 16.3
2025-04-23 14:31:35 [INFO] Processed 80 frames | Current FPS: 11.0
2025-04-23 14:31:36 [INFO] Processed 90 frames | Current FPS: 19.2
2025-04-23 14:31:36 [INFO] Processed 100 frames | Current FPS: 24.8
2025-04-23 14:31:37 [INFO] Processed 110 frames | Current FPS: 13.4
2025-04-23 14:31:37 [INFO] Processed 120 frames | Current FPS: 16.0
2025-04-23 14:31:38 [INFO] Processed 130 frames | Current FPS: 17.5
2025-04-23 14:31:39 [INFO] Processed 140 frames | Current FPS: 16.2
2025-04-23 14:31:39 [INFO] Processed 150 frames | Current FPS: 23.8
2025-04-23 14:31:40 [INFO] 
=== Final Statistics ===
2025-04-23 14:31:40 [INFO] Total frames processed: 157
2025-04-23 14:31:40 [INFO] Processed frames: 156
2025-04-23 14:31:40 [INFO] Total time: 13.96 seconds
2025-04-23 14:31:40 [INFO] Average FPS: 11.2
2025-04-23 14:31:40 [INFO] Max FPS: 25.8
2025-04-23 14:31:40 [INFO] Output saved to: video_output\output_tracking.mp4
2025-04-23 14:35:03 [INFO] Processed 10 frames | Current FPS: 14.2
2025-04-23 14:35:03 [INFO] Processed 20 frames | Current FPS: 15.5
2025-04-23 14:35:04 [INFO] Processed 30 frames | Current FPS: 17.1
2025-04-23 14:35:05 [INFO] Processed 40 frames | Current FPS: 11.1
2025-04-23 14:35:06 [INFO] Processed 50 frames | Current FPS: 11.4
2025-04-23 14:35:06 [INFO] Processed 60 frames | Current FPS: 12.1
2025-04-23 14:35:07 [INFO] Processed 70 frames | Current FPS: 12.0
2025-04-23 14:35:08 [INFO] Processed 80 frames | Current FPS: 11.5
2025-04-23 14:35:09 [INFO] Processed 90 frames | Current FPS: 12.1
2025-04-23 14:35:10 [INFO] Processed 100 frames | Current FPS: 10.1
2025-04-23 14:35:10 [INFO] Processed 110 frames | Current FPS: 18.4
2025-04-23 14:35:11 [INFO] Processed 120 frames | Current FPS: 16.2
2025-04-23 14:35:11 [INFO] Processed 130 frames | Current FPS: 15.8
2025-04-23 14:35:12 [INFO] Processed 140 frames | Current FPS: 9.8
2025-04-23 14:35:13 [INFO] Processed 150 frames | Current FPS: 11.5
2025-04-23 14:35:14 [INFO] Processed 160 frames | Current FPS: 11.3
2025-04-23 14:35:14 [INFO] Processed 170 frames | Current FPS: 18.4
2025-04-23 14:35:15 [INFO] Processed 180 frames | Current FPS: 16.7
2025-04-23 14:35:16 [INFO] Processed 190 frames | Current FPS: 12.7
2025-04-23 14:35:16 [INFO] Processed 200 frames | Current FPS: 19.1
2025-04-23 14:35:17 [INFO] Processed 210 frames | Current FPS: 11.6
2025-04-23 14:35:18 [INFO] Processed 220 frames | Current FPS: 16.1
2025-04-23 14:35:18 [INFO] Processed 230 frames | Current FPS: 18.2
2025-04-23 14:35:19 [INFO] Processed 240 frames | Current FPS: 23.9
2025-04-23 14:35:19 [INFO] Processed 250 frames | Current FPS: 23.8
2025-04-23 14:35:20 [INFO] Processed 260 frames | Current FPS: 13.1
2025-04-23 14:35:20 [INFO] Processed 270 frames | Current FPS: 12.5
2025-04-23 14:35:21 [INFO] Processed 280 frames | Current FPS: 12.0
2025-04-23 14:35:21 [INFO] Processed 290 frames | Current FPS: 20.8
2025-04-23 14:35:22 [INFO] Processed 300 frames | Current FPS: 24.7
2025-04-23 14:35:22 [INFO] Processed 310 frames | Current FPS: 20.3
2025-04-23 14:35:23 [INFO] Processed 320 frames | Current FPS: 23.5
2025-04-23 14:35:24 [INFO] Processed 330 frames | Current FPS: 16.1
2025-04-23 14:35:24 [INFO] Processed 340 frames | Current FPS: 16.2
2025-04-23 14:35:25 [INFO] Processed 350 frames | Current FPS: 13.2
2025-04-23 14:35:25 [INFO] Processed 360 frames | Current FPS: 24.7
2025-04-23 14:35:26 [INFO] Processed 370 frames | Current FPS: 20.9
2025-04-23 14:35:26 [INFO] Processed 380 frames | Current FPS: 20.9
2025-04-23 14:35:27 [INFO] Processed 390 frames | Current FPS: 26.0
2025-04-23 14:35:27 [INFO] Processed 400 frames | Current FPS: 11.4
2025-04-23 14:35:28 [INFO] Processed 410 frames | Current FPS: 12.4
2025-04-23 14:35:29 [INFO] Processed 420 frames | Current FPS: 23.3
2025-04-23 14:35:29 [INFO] Processed 430 frames | Current FPS: 16.3
2025-04-23 14:35:30 [INFO] Processed 440 frames | Current FPS: 12.0
2025-04-23 14:35:31 [INFO] Processed 450 frames | Current FPS: 9.2
2025-04-23 14:35:32 [INFO] Processed 460 frames | Current FPS: 11.9
2025-04-23 14:35:33 [INFO] Processed 470 frames | Current FPS: 11.8
2025-04-23 14:35:33 [INFO] Processed 480 frames | Current FPS: 11.3
2025-04-23 14:35:34 [INFO] Processed 490 frames | Current FPS: 11.2
2025-04-23 14:35:35 [INFO] Processed 500 frames | Current FPS: 11.1
2025-04-23 14:35:36 [INFO] Processed 510 frames | Current FPS: 13.8
2025-04-23 14:35:37 [INFO] Processed 520 frames | Current FPS: 9.7
2025-04-23 14:35:38 [INFO] Processed 530 frames | Current FPS: 10.5
2025-04-23 14:35:39 [INFO] Processed 540 frames | Current FPS: 11.2
2025-04-23 14:35:40 [INFO] Processed 550 frames | Current FPS: 10.9
2025-04-23 14:35:41 [INFO] Processed 560 frames | Current FPS: 10.9
2025-04-23 14:35:41 [INFO] Processed 570 frames | Current FPS: 10.7
2025-04-23 14:35:42 [INFO] Processed 580 frames | Current FPS: 10.2
2025-04-23 14:35:43 [INFO] Processed 590 frames | Current FPS: 10.1
2025-04-23 14:35:43 [INFO] 
=== Final Statistics ===
2025-04-23 14:35:43 [INFO] Total frames processed: 591
2025-04-23 14:35:43 [INFO] Processed frames: 590
2025-04-23 14:35:43 [INFO] Total time: 47.10 seconds
2025-04-23 14:35:43 [INFO] Average FPS: 12.5
2025-04-23 14:35:43 [INFO] Max FPS: 26.2
2025-04-23 14:35:43 [INFO] Output saved to: video_output\output_tracking.mp4
2025-04-23 15:21:10 [INFO] Processed 10 frames | Current FPS: 15.6
2025-04-23 15:21:11 [INFO] Processed 20 frames | Current FPS: 15.1
2025-04-23 15:21:12 [INFO] Processed 30 frames | Current FPS: 16.3
2025-04-23 15:21:13 [INFO] Processed 40 frames | Current FPS: 11.9
2025-04-23 15:21:13 [INFO] Processed 50 frames | Current FPS: 12.0
2025-04-23 15:21:14 [INFO] Processed 60 frames | Current FPS: 13.5
2025-04-23 15:21:15 [INFO] Processed 70 frames | Current FPS: 11.7
2025-04-23 15:21:16 [INFO] Processed 80 frames | Current FPS: 11.0
2025-04-23 15:21:16 [INFO] Processed 90 frames | Current FPS: 13.0
2025-04-23 15:21:17 [INFO] Processed 100 frames | Current FPS: 12.2
2025-04-23 15:21:18 [INFO] Processed 110 frames | Current FPS: 19.8
2025-04-23 15:21:18 [INFO] Processed 120 frames | Current FPS: 11.6
2025-04-23 15:21:19 [INFO] Processed 130 frames | Current FPS: 15.9
2025-04-23 15:21:20 [INFO] Processed 140 frames | Current FPS: 10.3
2025-04-23 15:21:21 [INFO] Processed 150 frames | Current FPS: 11.7
2025-04-23 15:21:21 [INFO] Processed 160 frames | Current FPS: 9.9
2025-04-23 15:21:22 [INFO] Processed 170 frames | Current FPS: 19.0
2025-04-23 15:21:22 [INFO] 
=== Final Statistics ===
2025-04-23 15:21:22 [INFO] Total frames processed: 177
2025-04-23 15:21:22 [INFO] Processed frames: 176
2025-04-23 15:21:22 [INFO] Total time: 16.81 seconds
2025-04-23 15:21:22 [INFO] Average FPS: 10.5
2025-04-23 15:21:22 [INFO] Max FPS: 23.3
2025-04-23 15:21:22 [INFO] Output saved to: video_output\output_tracking.mp4
2025-04-28 22:21:19 [INFO] Processed 10 frames | Current FPS: 12.9
2025-04-28 22:21:19 [INFO] Processed 20 frames | Current FPS: 22.6
2025-04-28 22:21:20 [INFO] Processed 30 frames | Current FPS: 20.7
2025-04-28 22:21:21 [INFO] Processed 40 frames | Current FPS: 15.3
2025-04-28 22:21:21 [INFO] Processed 50 frames | Current FPS: 17.9
2025-04-28 22:21:22 [INFO] Processed 60 frames | Current FPS: 18.9
2025-04-28 22:21:22 [INFO] Processed 70 frames | Current FPS: 14.0
2025-04-28 22:21:23 [INFO] Processed 80 frames | Current FPS: 22.1
2025-04-28 22:21:24 [INFO] Processed 90 frames | Current FPS: 14.6
2025-04-28 22:21:24 [INFO] Processed 100 frames | Current FPS: 20.7
2025-04-28 22:21:25 [INFO] Processed 110 frames | Current FPS: 23.4
2025-04-28 22:21:25 [INFO] Processed 120 frames | Current FPS: 21.4
2025-04-28 22:21:26 [INFO] Processed 130 frames | Current FPS: 19.9
2025-04-28 22:21:26 [INFO] Processed 140 frames | Current FPS: 21.3
2025-04-28 22:21:27 [INFO] Processed 150 frames | Current FPS: 12.7
2025-04-28 22:21:27 [INFO] Processed 160 frames | Current FPS: 20.5
2025-04-28 22:21:28 [INFO] Processed 170 frames | Current FPS: 22.2
2025-04-28 22:21:28 [INFO] Processed 180 frames | Current FPS: 20.8
2025-04-28 22:21:29 [INFO] Processed 190 frames | Current FPS: 21.8
2025-04-28 22:21:30 [INFO] Processed 200 frames | Current FPS: 20.3
2025-04-28 22:21:30 [INFO] Processed 210 frames | Current FPS: 22.7
2025-04-28 22:21:31 [INFO] Processed 220 frames | Current FPS: 22.7
2025-04-28 22:21:31 [INFO] Processed 230 frames | Current FPS: 22.3
2025-04-28 22:21:32 [INFO] Processed 240 frames | Current FPS: 28.1
2025-04-28 22:21:32 [INFO] Processed 250 frames | Current FPS: 28.5
2025-04-28 22:21:32 [INFO] Processed 260 frames | Current FPS: 22.6
2025-04-28 22:21:33 [INFO] Processed 270 frames | Current FPS: 15.5
2025-04-28 22:21:33 [INFO] Processed 280 frames | Current FPS: 14.2
2025-04-28 22:21:34 [INFO] Processed 290 frames | Current FPS: 24.1
2025-04-28 22:21:34 [INFO] Processed 300 frames | Current FPS: 30.8
2025-04-28 22:21:35 [INFO] Processed 310 frames | Current FPS: 23.9
2025-04-28 22:21:35 [INFO] Processed 320 frames | Current FPS: 29.5
2025-04-28 22:21:36 [INFO] Processed 330 frames | Current FPS: 22.8
2025-04-28 22:21:36 [INFO] Processed 340 frames | Current FPS: 23.2
2025-04-28 22:21:36 [INFO] Processed 350 frames | Current FPS: 25.0
2025-04-28 22:21:37 [INFO] Processed 360 frames | Current FPS: 32.2
2025-04-28 22:21:37 [INFO] Processed 370 frames | Current FPS: 24.9
2025-04-28 22:21:38 [INFO] Processed 380 frames | Current FPS: 24.9
2025-04-28 22:21:38 [INFO] Processed 390 frames | Current FPS: 32.0
2025-04-28 22:21:38 [INFO] Processed 400 frames | Current FPS: 21.0
2025-04-28 22:21:39 [INFO] Processed 410 frames | Current FPS: 15.1
2025-04-28 22:21:40 [INFO] Processed 420 frames | Current FPS: 22.6
2025-04-28 22:21:40 [INFO] Processed 430 frames | Current FPS: 22.7
2025-04-28 22:21:41 [INFO] Processed 440 frames | Current FPS: 16.8
2025-04-28 22:21:41 [INFO] Processed 450 frames | Current FPS: 19.0
2025-04-28 22:21:42 [INFO] Processed 460 frames | Current FPS: 14.0
2025-04-28 22:21:42 [INFO] Processed 470 frames | Current FPS: 22.7
2025-04-28 22:21:43 [INFO] Processed 480 frames | Current FPS: 13.6
2025-04-28 22:21:44 [INFO] Processed 490 frames | Current FPS: 13.1
2025-04-28 22:21:44 [INFO] Processed 500 frames | Current FPS: 13.7
2025-04-28 22:21:45 [INFO] Processed 510 frames | Current FPS: 14.4
2025-04-28 22:21:46 [INFO] Processed 520 frames | Current FPS: 12.9
2025-04-28 22:21:46 [INFO] Processed 530 frames | Current FPS: 13.4
2025-04-28 22:21:47 [INFO] Processed 540 frames | Current FPS: 16.3
2025-04-28 22:21:48 [INFO] Processed 550 frames | Current FPS: 10.4
2025-04-28 22:21:48 [INFO] Processed 560 frames | Current FPS: 13.2
2025-04-28 22:21:49 [INFO] Processed 570 frames | Current FPS: 18.2
2025-04-28 22:21:50 [INFO] Processed 580 frames | Current FPS: 13.4
2025-04-28 22:21:50 [INFO] Processed 590 frames | Current FPS: 21.6
2025-04-28 22:21:51 [INFO] Processed 600 frames | Current FPS: 27.0
2025-04-28 22:21:51 [INFO] Processed 610 frames | Current FPS: 19.4
2025-04-28 22:21:52 [INFO] Processed 620 frames | Current FPS: 12.6
2025-04-28 22:21:52 [INFO] Processed 630 frames | Current FPS: 20.5
2025-04-28 22:21:53 [INFO] Processed 640 frames | Current FPS: 20.5
2025-04-28 22:21:53 [INFO] Processed 650 frames | Current FPS: 20.4
2025-04-28 22:21:54 [INFO] Processed 660 frames | Current FPS: 22.5
2025-04-28 22:21:54 [INFO] Processed 670 frames | Current FPS: 22.8
2025-04-28 22:21:55 [INFO] Processed 680 frames | Current FPS: 21.3
2025-04-28 22:21:55 [INFO] Processed 690 frames | Current FPS: 22.1
2025-04-28 22:21:56 [INFO] Processed 700 frames | Current FPS: 17.7
2025-04-28 22:21:56 [INFO] Processed 710 frames | Current FPS: 21.5
2025-04-28 22:21:57 [INFO] Processed 720 frames | Current FPS: 21.5
2025-04-28 22:21:58 [INFO] Processed 730 frames | Current FPS: 11.4
2025-04-28 22:21:58 [INFO] Processed 740 frames | Current FPS: 13.8
2025-04-28 22:21:59 [INFO] Processed 750 frames | Current FPS: 19.3
2025-04-28 22:21:59 [INFO] Processed 760 frames | Current FPS: 18.2
2025-04-28 22:22:00 [INFO] Processed 770 frames | Current FPS: 22.1
2025-04-28 22:22:00 [INFO] Processed 780 frames | Current FPS: 21.9
2025-04-28 22:22:01 [INFO] Processed 790 frames | Current FPS: 14.5
2025-04-28 22:22:01 [INFO] Processed 800 frames | Current FPS: 22.5
2025-04-28 22:22:02 [INFO] Processed 810 frames | Current FPS: 21.5
2025-04-28 22:22:02 [INFO] Processed 820 frames | Current FPS: 19.9
2025-04-28 22:22:03 [INFO] Processed 830 frames | Current FPS: 20.4
2025-04-28 22:22:03 [INFO] Processed 840 frames | Current FPS: 22.4
2025-04-28 22:22:04 [INFO] Processed 850 frames | Current FPS: 21.7
2025-04-28 22:22:04 [INFO] Processed 860 frames | Current FPS: 23.8
2025-04-28 22:22:04 [INFO] Processed 870 frames | Current FPS: 24.0
2025-04-28 22:22:05 [INFO] Processed 880 frames | Current FPS: 23.3
2025-04-28 22:22:05 [INFO] Processed 890 frames | Current FPS: 24.3
2025-04-28 22:22:06 [INFO] Processed 900 frames | Current FPS: 23.8
2025-04-28 22:22:06 [INFO] Processed 910 frames | Current FPS: 23.7
2025-04-28 22:22:07 [INFO] Processed 920 frames | Current FPS: 15.7
2025-04-28 22:22:07 [INFO] Processed 930 frames | Current FPS: 24.0
2025-04-28 22:22:08 [INFO] Processed 940 frames | Current FPS: 23.4
2025-04-28 22:22:08 [INFO] Processed 950 frames | Current FPS: 23.8
2025-04-28 22:22:08 [INFO] Processed 960 frames | Current FPS: 15.7
2025-04-28 22:22:09 [INFO] Processed 970 frames | Current FPS: 14.1
2025-04-28 22:22:09 [INFO] Processed 980 frames | Current FPS: 24.6
2025-04-28 22:22:10 [INFO] Processed 990 frames | Current FPS: 24.2
2025-04-28 22:22:10 [INFO] Processed 1000 frames | Current FPS: 24.7
2025-04-28 22:22:11 [INFO] Processed 1010 frames | Current FPS: 23.8
2025-04-28 22:22:11 [INFO] Processed 1020 frames | Current FPS: 32.4
2025-04-28 22:22:11 [INFO] Processed 1030 frames | Current FPS: 24.7
2025-04-28 22:22:12 [INFO] Processed 1040 frames | Current FPS: 25.9
2025-04-28 22:22:12 [INFO] Processed 1050 frames | Current FPS: 25.3
2025-04-28 22:22:13 [INFO] Processed 1060 frames | Current FPS: 24.8
2025-04-28 22:22:13 [INFO] Processed 1070 frames | Current FPS: 30.6
2025-04-28 22:22:13 [INFO] Processed 1080 frames | Current FPS: 25.2
2025-04-28 22:22:14 [INFO] Processed 1090 frames | Current FPS: 24.3
2025-04-28 22:22:14 [INFO] Processed 1100 frames | Current FPS: 14.4
2025-04-28 22:22:15 [INFO] Processed 1110 frames | Current FPS: 14.5
2025-04-28 22:22:16 [INFO] Processed 1120 frames | Current FPS: 12.2
2025-04-28 22:22:16 [INFO] Processed 1130 frames | Current FPS: 20.0
2025-04-28 22:22:17 [INFO] Processed 1140 frames | Current FPS: 19.5
2025-04-28 22:22:17 [INFO] Processed 1150 frames | Current FPS: 23.6
2025-04-28 22:22:18 [INFO] Processed 1160 frames | Current FPS: 23.8
2025-04-28 22:22:18 [INFO] Processed 1170 frames | Current FPS: 22.7
2025-04-28 22:22:19 [INFO] Processed 1180 frames | Current FPS: 22.6
2025-04-28 22:22:19 [INFO] Processed 1190 frames | Current FPS: 13.2
2025-04-28 22:22:20 [INFO] Processed 1200 frames | Current FPS: 15.0
2025-04-28 22:22:21 [INFO] Processed 1210 frames | Current FPS: 19.1
2025-04-28 22:22:21 [INFO] Processed 1220 frames | Current FPS: 24.3
2025-04-28 22:22:21 [INFO] Processed 1230 frames | Current FPS: 22.9
2025-04-28 22:22:22 [INFO] Processed 1240 frames | Current FPS: 22.6
2025-04-28 22:22:22 [INFO] Processed 1250 frames | Current FPS: 23.4
2025-04-28 22:22:23 [INFO] Processed 1260 frames | Current FPS: 24.0
2025-04-28 22:22:23 [INFO] Processed 1270 frames | Current FPS: 15.3
2025-04-28 22:22:24 [INFO] Processed 1280 frames | Current FPS: 19.4
2025-04-28 22:22:24 [INFO] Processed 1290 frames | Current FPS: 22.4
2025-04-28 22:22:25 [INFO] Processed 1300 frames | Current FPS: 23.7
2025-04-28 22:22:25 [INFO] Processed 1310 frames | Current FPS: 23.7
2025-04-28 22:22:26 [INFO] Processed 1320 frames | Current FPS: 24.5
2025-04-28 22:22:26 [INFO] Processed 1330 frames | Current FPS: 20.5
2025-04-28 22:22:27 [INFO] Processed 1340 frames | Current FPS: 23.7
2025-04-28 22:22:27 [INFO] Processed 1350 frames | Current FPS: 16.2
2025-04-28 22:22:28 [INFO] Processed 1360 frames | Current FPS: 14.9
2025-04-28 22:22:28 [INFO] Processed 1370 frames | Current FPS: 13.4
2025-04-28 22:22:29 [INFO] Processed 1380 frames | Current FPS: 14.9
2025-04-28 22:22:30 [INFO] Processed 1390 frames | Current FPS: 14.7
2025-04-28 22:22:30 [INFO] Processed 1400 frames | Current FPS: 14.9
2025-04-28 22:22:31 [INFO] Processed 1410 frames | Current FPS: 23.4
2025-04-28 22:22:31 [INFO] Processed 1420 frames | Current FPS: 22.8
2025-04-28 22:22:31 [INFO] Processed 1430 frames | Current FPS: 23.6
2025-04-28 22:22:32 [INFO] Processed 1440 frames | Current FPS: 24.4
2025-04-28 22:22:32 [INFO] Processed 1450 frames | Current FPS: 24.5
2025-04-28 22:22:33 [INFO] Processed 1460 frames | Current FPS: 23.8
2025-04-28 22:22:33 [INFO] Processed 1470 frames | Current FPS: 25.1
2025-04-28 22:22:34 [INFO] Processed 1480 frames | Current FPS: 24.3
2025-04-28 22:22:34 [INFO] Processed 1490 frames | Current FPS: 24.3
2025-04-28 22:22:34 [INFO] Processed 1500 frames | Current FPS: 24.9
2025-04-28 22:22:35 [INFO] Processed 1510 frames | Current FPS: 13.7
2025-04-28 22:22:36 [INFO] Processed 1520 frames | Current FPS: 24.9
2025-04-28 22:22:36 [INFO] Processed 1530 frames | Current FPS: 16.7
2025-04-28 22:22:37 [INFO] Processed 1540 frames | Current FPS: 29.5
2025-04-28 22:22:37 [INFO] Processed 1550 frames | Current FPS: 23.7
2025-04-28 22:22:37 [INFO] Processed 1560 frames | Current FPS: 22.0
2025-04-28 22:22:38 [INFO] Processed 1570 frames | Current FPS: 23.8
2025-04-28 22:22:38 [INFO] Processed 1580 frames | Current FPS: 22.2
2025-04-28 22:22:39 [INFO] Processed 1590 frames | Current FPS: 24.9
2025-04-28 22:22:39 [INFO] Processed 1600 frames | Current FPS: 28.6
2025-04-28 22:22:40 [INFO] Processed 1610 frames | Current FPS: 24.9
2025-04-28 22:22:40 [INFO] Processed 1620 frames | Current FPS: 25.4
2025-04-28 22:22:40 [INFO] Processed 1630 frames | Current FPS: 25.0
2025-04-28 22:22:41 [INFO] Processed 1640 frames | Current FPS: 24.6
2025-04-28 22:22:41 [INFO] Processed 1650 frames | Current FPS: 30.6
2025-04-28 22:22:42 [INFO] Processed 1660 frames | Current FPS: 13.1
2025-04-28 22:22:42 [INFO] Processed 1670 frames | Current FPS: 19.9
2025-04-28 22:22:43 [INFO] Processed 1680 frames | Current FPS: 24.1
2025-04-28 22:22:43 [INFO] Processed 1690 frames | Current FPS: 22.2
2025-04-28 22:22:44 [INFO] Processed 1700 frames | Current FPS: 15.9
2025-04-28 22:22:45 [INFO] Processed 1710 frames | Current FPS: 13.1
2025-04-28 22:22:45 [INFO] Processed 1720 frames | Current FPS: 15.1
2025-04-28 22:22:46 [INFO] Processed 1730 frames | Current FPS: 22.9
2025-04-28 22:22:46 [INFO] Processed 1740 frames | Current FPS: 22.4
2025-04-28 22:22:47 [INFO] Processed 1750 frames | Current FPS: 13.6
2025-04-28 22:22:48 [INFO] Processed 1760 frames | Current FPS: 13.7
2025-04-28 22:22:48 [INFO] Processed 1770 frames | Current FPS: 13.9
2025-04-28 22:22:49 [INFO] Processed 1780 frames | Current FPS: 19.2
2025-04-28 22:22:49 [INFO] Processed 1790 frames | Current FPS: 13.5
2025-04-28 22:22:50 [INFO] Processed 1800 frames | Current FPS: 12.3
2025-04-28 22:22:51 [INFO] Processed 1810 frames | Current FPS: 11.7
2025-04-28 22:22:51 [INFO] Processed 1820 frames | Current FPS: 13.9
2025-04-28 22:22:52 [INFO] Processed 1830 frames | Current FPS: 14.1
2025-04-28 22:22:53 [INFO] Processed 1840 frames | Current FPS: 20.1
2025-04-28 22:22:53 [INFO] Processed 1850 frames | Current FPS: 12.7
2025-04-28 22:22:54 [INFO] Processed 1860 frames | Current FPS: 20.4
2025-04-28 22:22:54 [INFO] Processed 1870 frames | Current FPS: 22.8
2025-04-28 22:22:55 [INFO] Processed 1880 frames | Current FPS: 23.6
2025-04-28 22:22:55 [INFO] Processed 1890 frames | Current FPS: 23.5
2025-04-28 22:22:56 [INFO] 
=== Final Statistics ===
2025-04-28 22:22:56 [INFO] Total frames processed: 1899
2025-04-28 22:22:56 [INFO] Processed frames: 1898
2025-04-28 22:22:56 [INFO] Total time: 105.57 seconds
2025-04-28 22:22:56 [INFO] Average FPS: 18.0
2025-04-28 22:22:56 [INFO] Max FPS: 32.9
2025-04-28 22:22:56 [INFO] Output saved to: project\video_output\output_tracking.mp4
2025-04-28 22:25:41 [INFO] Processed 10 frames | Current FPS: 9.9
2025-04-28 22:25:42 [INFO] Processed 20 frames | Current FPS: 18.5
2025-04-28 22:25:42 [INFO] Processed 30 frames | Current FPS: 18.3
2025-04-28 22:25:43 [INFO] Processed 40 frames | Current FPS: 14.3
2025-04-28 22:25:43 [INFO] Processed 50 frames | Current FPS: 18.7
2025-04-28 22:25:44 [INFO] Processed 60 frames | Current FPS: 20.1
2025-04-28 22:25:45 [INFO] Processed 70 frames | Current FPS: 12.0
2025-04-28 22:25:45 [INFO] Processed 80 frames | Current FPS: 19.5
2025-04-28 22:25:46 [INFO] Processed 90 frames | Current FPS: 14.7
2025-04-28 22:25:46 [INFO] Processed 100 frames | Current FPS: 18.1
2025-04-28 22:25:47 [INFO] Processed 110 frames | Current FPS: 21.2
2025-04-28 22:25:47 [INFO] Processed 120 frames | Current FPS: 18.8
2025-04-28 22:25:48 [INFO] Processed 130 frames | Current FPS: 16.8
2025-04-28 22:25:49 [INFO] Processed 140 frames | Current FPS: 19.7
2025-04-28 22:25:49 [INFO] Processed 150 frames | Current FPS: 12.9
2025-04-28 22:25:50 [INFO] Processed 160 frames | Current FPS: 20.7
2025-04-28 22:25:50 [INFO] Processed 170 frames | Current FPS: 20.7
2025-04-28 22:25:51 [INFO] Processed 180 frames | Current FPS: 21.5
2025-04-28 22:25:51 [INFO] Processed 190 frames | Current FPS: 20.8
2025-04-28 22:25:52 [INFO] Processed 200 frames | Current FPS: 19.6
2025-04-28 22:25:52 [INFO] Processed 210 frames | Current FPS: 19.6
2025-04-28 22:25:53 [INFO] Processed 220 frames | Current FPS: 20.1
2025-04-28 22:25:53 [INFO] Processed 230 frames | Current FPS: 20.5
2025-04-28 22:25:54 [INFO] Processed 240 frames | Current FPS: 25.2
2025-04-28 22:25:54 [INFO] Processed 250 frames | Current FPS: 26.3
2025-04-28 22:25:55 [INFO] Processed 260 frames | Current FPS: 19.4
2025-04-28 22:25:55 [INFO] Processed 270 frames | Current FPS: 14.4
2025-04-28 22:25:56 [INFO] Processed 280 frames | Current FPS: 11.1
2025-04-28 22:25:57 [INFO] Processed 290 frames | Current FPS: 20.9
2025-04-28 22:25:57 [INFO] Processed 300 frames | Current FPS: 26.0
2025-04-28 22:25:58 [INFO] Processed 310 frames | Current FPS: 20.6
2025-04-28 22:25:58 [INFO] Processed 320 frames | Current FPS: 25.1
2025-04-28 22:25:59 [INFO] Processed 330 frames | Current FPS: 20.6
2025-04-28 22:25:59 [INFO] Processed 340 frames | Current FPS: 19.8
2025-04-28 22:25:59 [INFO] Processed 350 frames | Current FPS: 21.0
2025-04-28 22:26:00 [INFO] Processed 360 frames | Current FPS: 25.9
2025-04-28 22:26:00 [INFO] Processed 370 frames | Current FPS: 21.5
2025-04-28 22:26:01 [INFO] Processed 380 frames | Current FPS: 20.2
2025-04-28 22:26:01 [INFO] Processed 390 frames | Current FPS: 25.9
2025-04-28 22:26:02 [INFO] Processed 400 frames | Current FPS: 20.2
2025-04-28 22:26:03 [INFO] Processed 410 frames | Current FPS: 11.0
2025-04-28 22:26:03 [INFO] Processed 420 frames | Current FPS: 21.9
2025-04-28 22:26:04 [INFO] Processed 430 frames | Current FPS: 19.7
2025-04-28 22:26:04 [INFO] Processed 440 frames | Current FPS: 14.2
2025-04-28 22:26:05 [INFO] Processed 450 frames | Current FPS: 17.0
2025-04-28 22:26:06 [INFO] Processed 460 frames | Current FPS: 12.6
2025-04-28 22:26:06 [INFO] Processed 470 frames | Current FPS: 18.2
2025-04-28 22:26:07 [INFO] Processed 480 frames | Current FPS: 11.8
2025-04-28 22:26:08 [INFO] Processed 490 frames | Current FPS: 12.2
2025-04-28 22:26:08 [INFO] Processed 500 frames | Current FPS: 13.2
2025-04-28 22:26:09 [INFO] Processed 510 frames | Current FPS: 12.3
2025-04-28 22:26:10 [INFO] Processed 520 frames | Current FPS: 12.3
2025-04-28 22:26:11 [INFO] Processed 530 frames | Current FPS: 11.9
2025-04-28 22:26:11 [INFO] Processed 540 frames | Current FPS: 12.7
2025-04-28 22:26:12 [INFO] Processed 550 frames | Current FPS: 12.2
2025-04-28 22:26:13 [INFO] Processed 560 frames | Current FPS: 12.6
2025-04-28 22:26:14 [INFO] Processed 570 frames | Current FPS: 16.6
2025-04-28 22:26:14 [INFO] Processed 580 frames | Current FPS: 13.2
2025-04-28 22:26:15 [INFO] Processed 590 frames | Current FPS: 17.6
2025-04-28 22:26:15 [INFO] Processed 600 frames | Current FPS: 23.1
2025-04-28 22:26:16 [INFO] Processed 610 frames | Current FPS: 16.1
2025-04-28 22:26:17 [INFO] Processed 620 frames | Current FPS: 13.3
2025-04-28 22:26:17 [INFO] Processed 630 frames | Current FPS: 17.7
2025-04-28 22:26:18 [INFO] Processed 640 frames | Current FPS: 18.3
2025-04-28 22:26:18 [INFO] Processed 650 frames | Current FPS: 14.9
2025-04-28 22:26:19 [INFO] Processed 660 frames | Current FPS: 19.0
2025-04-28 22:26:19 [INFO] Processed 670 frames | Current FPS: 18.6
2025-04-28 22:26:20 [INFO] Processed 680 frames | Current FPS: 18.0
2025-04-28 22:26:21 [INFO] Processed 690 frames | Current FPS: 18.9
2025-04-28 22:26:21 [INFO] Processed 700 frames | Current FPS: 16.8
2025-04-28 22:26:22 [INFO] Processed 710 frames | Current FPS: 18.1
2025-04-28 22:26:22 [INFO] Processed 720 frames | Current FPS: 16.5
2025-04-28 22:26:23 [INFO] Processed 730 frames | Current FPS: 12.3
2025-04-28 22:26:24 [INFO] Processed 740 frames | Current FPS: 16.6
2025-04-28 22:26:24 [INFO] Processed 750 frames | Current FPS: 17.4
2025-04-28 22:26:25 [INFO] Processed 760 frames | Current FPS: 17.0
2025-04-28 22:26:25 [INFO] Processed 770 frames | Current FPS: 19.2
2025-04-28 22:26:26 [INFO] Processed 780 frames | Current FPS: 19.2
2025-04-28 22:26:26 [INFO] Processed 790 frames | Current FPS: 13.1
2025-04-28 22:26:27 [INFO] Processed 800 frames | Current FPS: 18.1
2025-04-28 22:26:28 [INFO] Processed 810 frames | Current FPS: 15.6
2025-04-28 22:26:28 [INFO] Processed 820 frames | Current FPS: 18.1
2025-04-28 22:26:29 [INFO] Processed 830 frames | Current FPS: 19.4
2025-04-28 22:26:29 [INFO] Processed 840 frames | Current FPS: 19.6
2025-04-28 22:26:30 [INFO] Processed 850 frames | Current FPS: 19.4
2025-04-28 22:26:30 [INFO] Processed 860 frames | Current FPS: 19.7
2025-04-28 22:26:31 [INFO] Processed 870 frames | Current FPS: 20.7
2025-04-28 22:26:31 [INFO] Processed 880 frames | Current FPS: 20.0
2025-04-28 22:26:32 [INFO] Processed 890 frames | Current FPS: 20.3
2025-04-28 22:26:32 [INFO] Processed 900 frames | Current FPS: 20.1
2025-04-28 22:26:33 [INFO] Processed 910 frames | Current FPS: 20.1
2025-04-28 22:26:33 [INFO] Processed 920 frames | Current FPS: 13.1
2025-04-28 22:26:34 [INFO] Processed 930 frames | Current FPS: 19.1
2025-04-28 22:26:34 [INFO] Processed 940 frames | Current FPS: 19.9
2025-04-28 22:26:35 [INFO] Processed 950 frames | Current FPS: 20.1
2025-04-28 22:26:35 [INFO] Processed 960 frames | Current FPS: 14.0
2025-04-28 22:26:36 [INFO] Processed 970 frames | Current FPS: 12.8
2025-04-28 22:26:37 [INFO] Processed 980 frames | Current FPS: 20.6
2025-04-28 22:26:37 [INFO] Processed 990 frames | Current FPS: 20.9
2025-04-28 22:26:38 [INFO] Processed 1000 frames | Current FPS: 21.3
2025-04-28 22:26:38 [INFO] Processed 1010 frames | Current FPS: 20.5
2025-04-28 22:26:38 [INFO] Processed 1020 frames | Current FPS: 25.8
2025-04-28 22:26:39 [INFO] Processed 1030 frames | Current FPS: 21.2
2025-04-28 22:26:39 [INFO] Processed 1040 frames | Current FPS: 19.2
2025-04-28 22:26:40 [INFO] Processed 1050 frames | Current FPS: 15.2
2025-04-28 22:26:40 [INFO] Processed 1060 frames | Current FPS: 21.5
2025-04-28 22:26:41 [INFO] Processed 1070 frames | Current FPS: 25.8
2025-04-28 22:26:41 [INFO] Processed 1080 frames | Current FPS: 21.3
2025-04-28 22:26:42 [INFO] Processed 1090 frames | Current FPS: 17.8
2025-04-28 22:26:43 [INFO] Processed 1100 frames | Current FPS: 14.6
2025-04-28 22:26:43 [INFO] Processed 1110 frames | Current FPS: 13.8
2025-04-28 22:26:44 [INFO] Processed 1120 frames | Current FPS: 13.2
2025-04-28 22:26:45 [INFO] Processed 1130 frames | Current FPS: 18.0
2025-04-28 22:26:45 [INFO] Processed 1140 frames | Current FPS: 19.2
2025-04-28 22:26:46 [INFO] Processed 1150 frames | Current FPS: 20.6
2025-04-28 22:26:46 [INFO] Processed 1160 frames | Current FPS: 20.7
2025-04-28 22:26:47 [INFO] Processed 1170 frames | Current FPS: 16.3
2025-04-28 22:26:47 [INFO] Processed 1180 frames | Current FPS: 17.4
2025-04-28 22:26:48 [INFO] Processed 1190 frames | Current FPS: 12.0
2025-04-28 22:26:49 [INFO] Processed 1200 frames | Current FPS: 13.0
2025-04-28 22:26:49 [INFO] Processed 1210 frames | Current FPS: 16.7
2025-04-28 22:26:50 [INFO] Processed 1220 frames | Current FPS: 20.7
2025-04-28 22:26:50 [INFO] Processed 1230 frames | Current FPS: 21.1
2025-04-28 22:26:51 [INFO] Processed 1240 frames | Current FPS: 20.3
2025-04-28 22:26:51 [INFO] Processed 1250 frames | Current FPS: 20.1
2025-04-28 22:26:52 [INFO] Processed 1260 frames | Current FPS: 20.3
2025-04-28 22:26:52 [INFO] Processed 1270 frames | Current FPS: 14.3
2025-04-28 22:26:53 [INFO] Processed 1280 frames | Current FPS: 17.1
2025-04-28 22:26:54 [INFO] Processed 1290 frames | Current FPS: 17.1
2025-04-28 22:26:54 [INFO] Processed 1300 frames | Current FPS: 20.4
2025-04-28 22:26:55 [INFO] Processed 1310 frames | Current FPS: 20.9
2025-04-28 22:26:55 [INFO] Processed 1320 frames | Current FPS: 21.0
2025-04-28 22:26:56 [INFO] Processed 1330 frames | Current FPS: 17.5
2025-04-28 22:26:56 [INFO] Processed 1340 frames | Current FPS: 20.2
2025-04-28 22:26:57 [INFO] Processed 1350 frames | Current FPS: 15.7
2025-04-28 22:26:58 [INFO] Processed 1360 frames | Current FPS: 14.2
2025-04-28 22:26:58 [INFO] Processed 1370 frames | Current FPS: 13.2
2025-04-28 22:26:59 [INFO] Processed 1380 frames | Current FPS: 14.2
2025-04-28 22:27:00 [INFO] Processed 1390 frames | Current FPS: 13.5
2025-04-28 22:27:00 [INFO] Processed 1400 frames | Current FPS: 13.7
2025-04-28 22:27:01 [INFO] Processed 1410 frames | Current FPS: 21.4
2025-04-28 22:27:01 [INFO] Processed 1420 frames | Current FPS: 21.1
2025-04-28 22:27:02 [INFO] Processed 1430 frames | Current FPS: 20.1
2025-04-28 22:27:02 [INFO] Processed 1440 frames | Current FPS: 21.4
2025-04-28 22:27:03 [INFO] Processed 1450 frames | Current FPS: 21.3
2025-04-28 22:27:03 [INFO] Processed 1460 frames | Current FPS: 21.3
2025-04-28 22:27:04 [INFO] Processed 1470 frames | Current FPS: 21.5
2025-04-28 22:27:04 [INFO] Processed 1480 frames | Current FPS: 18.1
2025-04-28 22:27:05 [INFO] Processed 1490 frames | Current FPS: 21.6
2025-04-28 22:27:05 [INFO] Processed 1500 frames | Current FPS: 20.1
2025-04-28 22:27:06 [INFO] Processed 1510 frames | Current FPS: 12.5
2025-04-28 22:27:06 [INFO] Processed 1520 frames | Current FPS: 15.9
2025-04-28 22:27:07 [INFO] Processed 1530 frames | Current FPS: 16.1
2025-04-28 22:27:08 [INFO] Processed 1540 frames | Current FPS: 25.8
2025-04-28 22:27:08 [INFO] Processed 1550 frames | Current FPS: 18.3
2025-04-28 22:27:08 [INFO] Processed 1560 frames | Current FPS: 22.2
2025-04-28 22:27:09 [INFO] Processed 1570 frames | Current FPS: 19.8
2025-04-28 22:27:09 [INFO] Processed 1580 frames | Current FPS: 19.7
2025-04-28 22:27:10 [INFO] Processed 1590 frames | Current FPS: 21.8
2025-04-28 22:27:10 [INFO] Processed 1600 frames | Current FPS: 24.4
2025-04-28 22:27:11 [INFO] Processed 1610 frames | Current FPS: 21.5
2025-04-28 22:27:11 [INFO] Processed 1620 frames | Current FPS: 22.0
2025-04-28 22:27:12 [INFO] Processed 1630 frames | Current FPS: 22.0
2025-04-28 22:27:12 [INFO] Processed 1640 frames | Current FPS: 22.7
2025-04-28 22:27:13 [INFO] Processed 1650 frames | Current FPS: 27.3
2025-04-28 22:27:13 [INFO] Processed 1660 frames | Current FPS: 12.0
2025-04-28 22:27:14 [INFO] Processed 1670 frames | Current FPS: 17.1
2025-04-28 22:27:15 [INFO] Processed 1680 frames | Current FPS: 19.6
2025-04-28 22:27:15 [INFO] Processed 1690 frames | Current FPS: 20.0
2025-04-28 22:27:16 [INFO] Processed 1700 frames | Current FPS: 13.3
2025-04-28 22:27:16 [INFO] Processed 1710 frames | Current FPS: 12.3
2025-04-28 22:27:17 [INFO] Processed 1720 frames | Current FPS: 13.7
2025-04-28 22:27:18 [INFO] Processed 1730 frames | Current FPS: 17.3
2025-04-28 22:27:18 [INFO] Processed 1740 frames | Current FPS: 16.2
2025-04-28 22:27:19 [INFO] Processed 1750 frames | Current FPS: 12.2
2025-04-28 22:27:20 [INFO] Processed 1760 frames | Current FPS: 12.7
2025-04-28 22:27:20 [INFO] Processed 1770 frames | Current FPS: 13.7
2025-04-28 22:27:21 [INFO] Processed 1780 frames | Current FPS: 17.4
2025-04-28 22:27:22 [INFO] Processed 1790 frames | Current FPS: 13.2
2025-04-28 22:27:23 [INFO] Processed 1800 frames | Current FPS: 13.0
2025-04-28 22:27:23 [INFO] Processed 1810 frames | Current FPS: 13.0
2025-04-28 22:27:24 [INFO] Processed 1820 frames | Current FPS: 13.5
2025-04-28 22:27:25 [INFO] Processed 1830 frames | Current FPS: 12.1
2025-04-28 22:27:25 [INFO] Processed 1840 frames | Current FPS: 15.2
2025-04-28 22:27:26 [INFO] Processed 1850 frames | Current FPS: 11.6
2025-04-28 22:27:27 [INFO] Processed 1860 frames | Current FPS: 16.6
2025-04-28 22:27:27 [INFO] Processed 1870 frames | Current FPS: 19.8
2025-04-28 22:27:28 [INFO] Processed 1880 frames | Current FPS: 19.5
2025-04-28 22:27:28 [INFO] Processed 1890 frames | Current FPS: 20.1
2025-04-28 22:27:29 [INFO] Processed 1900 frames | Current FPS: 20.0
2025-04-28 22:27:29 [INFO] Processed 1910 frames | Current FPS: 21.6
2025-04-28 22:27:30 [INFO] Processed 1920 frames | Current FPS: 21.1
2025-04-28 22:27:30 [INFO] Processed 1930 frames | Current FPS: 21.4
2025-04-28 22:27:31 [INFO] Processed 1940 frames | Current FPS: 11.6
2025-04-28 22:27:31 [INFO] Processed 1950 frames | Current FPS: 14.4
2025-04-28 22:27:32 [INFO] Processed 1960 frames | Current FPS: 19.9
2025-04-28 22:27:32 [INFO] Processed 1970 frames | Current FPS: 20.2
2025-04-28 22:27:33 [INFO] Processed 1980 frames | Current FPS: 19.3
2025-04-28 22:27:33 [INFO] Processed 1990 frames | Current FPS: 20.2
2025-04-28 22:27:34 [INFO] Processed 2000 frames | Current FPS: 20.2
2025-04-28 22:27:34 [INFO] Processed 2010 frames | Current FPS: 21.4
2025-04-28 22:27:35 [INFO] Processed 2020 frames | Current FPS: 13.9
2025-04-28 22:27:36 [INFO] Processed 2030 frames | Current FPS: 13.5
2025-04-28 22:27:36 [INFO] Processed 2040 frames | Current FPS: 12.2
2025-04-28 22:27:37 [INFO] Processed 2050 frames | Current FPS: 15.6
2025-04-28 22:27:37 [INFO] Processed 2060 frames | Current FPS: 17.9
2025-04-28 22:27:38 [INFO] Processed 2070 frames | Current FPS: 19.5
2025-04-28 22:27:38 [INFO] Processed 2080 frames | Current FPS: 12.5
2025-04-28 22:27:39 [INFO] Processed 2090 frames | Current FPS: 20.6
2025-04-28 22:27:40 [INFO] Processed 2100 frames | Current FPS: 19.4
2025-04-28 22:27:40 [INFO] Processed 2110 frames | Current FPS: 20.1
2025-04-28 22:27:41 [INFO] Processed 2120 frames | Current FPS: 19.1
2025-04-28 22:27:41 [INFO] Processed 2130 frames | Current FPS: 21.0
2025-04-28 22:27:42 [INFO] Processed 2140 frames | Current FPS: 20.2
2025-04-28 22:27:42 [INFO] Processed 2150 frames | Current FPS: 20.6
2025-04-28 22:27:43 [INFO] Processed 2160 frames | Current FPS: 20.3
2025-04-28 22:27:43 [INFO] Processed 2170 frames | Current FPS: 19.9
2025-04-28 22:27:44 [INFO] Processed 2180 frames | Current FPS: 21.1
2025-04-28 22:27:44 [INFO] Processed 2190 frames | Current FPS: 21.7
2025-04-28 22:27:45 [INFO] Processed 2200 frames | Current FPS: 19.9
2025-04-28 22:27:45 [INFO] Processed 2210 frames | Current FPS: 21.4
2025-04-28 22:27:46 [INFO] Processed 2220 frames | Current FPS: 21.4
2025-04-28 22:27:46 [INFO] Processed 2230 frames | Current FPS: 25.2
2025-04-28 22:27:47 [INFO] Processed 2240 frames | Current FPS: 25.9
2025-04-28 22:27:47 [INFO] Processed 2250 frames | Current FPS: 25.9
2025-04-28 22:27:47 [INFO] Processed 2260 frames | Current FPS: 17.2
2025-04-28 22:27:48 [INFO] Processed 2270 frames | Current FPS: 20.6
2025-04-28 22:27:48 [INFO] Processed 2280 frames | Current FPS: 21.6
2025-04-28 22:27:49 [INFO] Processed 2290 frames | Current FPS: 20.4
2025-04-28 22:27:49 [INFO] Processed 2300 frames | Current FPS: 21.0
2025-04-28 22:27:50 [INFO] Processed 2310 frames | Current FPS: 13.5
2025-04-28 22:27:51 [INFO] Processed 2320 frames | Current FPS: 17.9
2025-04-28 22:27:51 [INFO] Processed 2330 frames | Current FPS: 14.3
2025-04-28 22:27:52 [INFO] Processed 2340 frames | Current FPS: 13.6
2025-04-28 22:27:53 [INFO] Processed 2350 frames | Current FPS: 11.3
2025-04-28 22:27:53 [INFO] Processed 2360 frames | Current FPS: 17.9
2025-04-28 22:27:54 [INFO] Processed 2370 frames | Current FPS: 16.3
2025-04-28 22:27:55 [INFO] Processed 2380 frames | Current FPS: 11.4
2025-04-28 22:27:56 [INFO] Processed 2390 frames | Current FPS: 12.4
2025-04-28 22:27:56 [INFO] Processed 2400 frames | Current FPS: 11.5
2025-04-28 22:27:57 [INFO] Processed 2410 frames | Current FPS: 14.9
2025-04-28 22:27:58 [INFO] Processed 2420 frames | Current FPS: 12.1
2025-04-28 22:27:58 [INFO] Processed 2430 frames | Current FPS: 11.6
2025-04-28 22:27:59 [INFO] Processed 2440 frames | Current FPS: 12.1
2025-04-28 22:28:00 [INFO] Processed 2450 frames | Current FPS: 12.9
2025-04-28 22:28:01 [INFO] Processed 2460 frames | Current FPS: 14.8
2025-04-28 22:28:01 [INFO] Processed 2470 frames | Current FPS: 16.3
2025-04-28 22:28:02 [INFO] Processed 2480 frames | Current FPS: 18.8
2025-04-28 22:28:02 [INFO] Processed 2490 frames | Current FPS: 18.0
2025-04-28 22:28:03 [INFO] Processed 2500 frames | Current FPS: 12.4
2025-04-28 22:28:04 [INFO] Processed 2510 frames | Current FPS: 17.5
2025-04-28 22:28:04 [INFO] Processed 2520 frames | Current FPS: 17.8
2025-04-28 22:28:05 [INFO] Processed 2530 frames | Current FPS: 19.7
2025-04-28 22:28:05 [INFO] Processed 2540 frames | Current FPS: 19.9
2025-04-28 22:28:06 [INFO] Processed 2550 frames | Current FPS: 19.8
2025-04-28 22:28:06 [INFO] Processed 2560 frames | Current FPS: 19.3
2025-04-28 22:28:07 [INFO] Processed 2570 frames | Current FPS: 15.8
2025-04-28 22:28:07 [INFO] Processed 2580 frames | Current FPS: 20.1
2025-04-28 22:28:08 [INFO] Processed 2590 frames | Current FPS: 20.0
2025-04-28 22:28:08 [INFO] Processed 2600 frames | Current FPS: 15.3
2025-04-28 22:28:09 [INFO] Processed 2610 frames | Current FPS: 13.0
2025-04-28 22:28:10 [INFO] Processed 2620 frames | Current FPS: 13.2
2025-04-28 22:28:10 [INFO] Processed 2630 frames | Current FPS: 13.8
2025-04-28 22:28:11 [INFO] Processed 2640 frames | Current FPS: 25.6
2025-04-28 22:28:12 [INFO] Processed 2650 frames | Current FPS: 13.1
2025-04-28 22:28:12 [INFO] Processed 2660 frames | Current FPS: 20.4
2025-04-28 22:28:13 [INFO] Processed 2670 frames | Current FPS: 12.3
2025-04-28 22:28:13 [INFO] Processed 2680 frames | Current FPS: 19.3
2025-04-28 22:28:14 [INFO] Processed 2690 frames | Current FPS: 18.8
2025-04-28 22:28:14 [INFO] Processed 2700 frames | Current FPS: 16.1
2025-04-28 22:28:15 [INFO] Processed 2710 frames | Current FPS: 20.5
2025-04-28 22:28:15 [INFO] Processed 2720 frames | Current FPS: 20.1
2025-04-28 22:28:16 [INFO] Processed 2730 frames | Current FPS: 17.9
2025-04-28 22:28:16 [INFO] Processed 2740 frames | Current FPS: 20.6
2025-04-28 22:28:17 [INFO] Processed 2750 frames | Current FPS: 20.7
2025-04-28 22:28:17 [INFO] Processed 2760 frames | Current FPS: 19.0
2025-04-28 22:28:18 [INFO] Processed 2770 frames | Current FPS: 18.8
2025-04-28 22:28:18 [INFO] Processed 2780 frames | Current FPS: 20.2
2025-04-28 22:28:19 [INFO] Processed 2790 frames | Current FPS: 20.7
2025-04-28 22:28:19 [INFO] Processed 2800 frames | Current FPS: 20.6
2025-04-28 22:28:20 [INFO] Processed 2810 frames | Current FPS: 21.0
2025-04-28 22:28:20 [INFO] Processed 2820 frames | Current FPS: 20.3
2025-04-28 22:28:21 [INFO] Processed 2830 frames | Current FPS: 20.9
2025-04-28 22:28:21 [INFO] Processed 2840 frames | Current FPS: 26.5
2025-04-28 22:28:22 [INFO] Processed 2850 frames | Current FPS: 19.9
2025-04-28 22:28:22 [INFO] Processed 2860 frames | Current FPS: 20.6
2025-04-28 22:28:23 [INFO] Processed 2870 frames | Current FPS: 25.8
2025-04-28 22:28:23 [INFO] Processed 2880 frames | Current FPS: 21.1
2025-04-28 22:28:24 [INFO] Processed 2890 frames | Current FPS: 21.2
2025-04-28 22:28:24 [INFO] Processed 2900 frames | Current FPS: 20.6
2025-04-28 22:28:25 [INFO] Processed 2910 frames | Current FPS: 20.9
2025-04-28 22:28:25 [INFO] Processed 2920 frames | Current FPS: 26.1
2025-04-28 22:28:26 [INFO] Processed 2930 frames | Current FPS: 21.0
2025-04-28 22:28:26 [INFO] Processed 2940 frames | Current FPS: 21.9
2025-04-28 22:28:27 [INFO] Processed 2950 frames | Current FPS: 25.5
2025-04-28 22:28:27 [INFO] Processed 2960 frames | Current FPS: 21.2
2025-04-28 22:28:27 [INFO] Processed 2970 frames | Current FPS: 21.6
2025-04-28 22:28:28 [INFO] Processed 2980 frames | Current FPS: 14.5
2025-04-28 22:28:29 [INFO] Processed 2990 frames | Current FPS: 21.2
2025-04-28 22:28:29 [INFO] Processed 3000 frames | Current FPS: 27.1
2025-04-28 22:28:29 [INFO] Processed 3010 frames | Current FPS: 21.6
2025-04-28 22:28:30 [INFO] Processed 3020 frames | Current FPS: 21.2
2025-04-28 22:28:30 [INFO] Processed 3030 frames | Current FPS: 22.4
2025-04-28 22:28:31 [INFO] Processed 3040 frames | Current FPS: 20.9
2025-04-28 22:28:31 [INFO] Processed 3050 frames | Current FPS: 22.1
2025-04-28 22:28:32 [INFO] Processed 3060 frames | Current FPS: 22.5
2025-04-28 22:28:33 [INFO] Processed 3070 frames | Current FPS: 11.9
2025-04-28 22:28:33 [INFO] Processed 3080 frames | Current FPS: 21.1
2025-04-28 22:28:34 [INFO] Processed 3090 frames | Current FPS: 14.4
2025-04-28 22:28:34 [INFO] Processed 3100 frames | Current FPS: 12.9
2025-04-28 22:28:35 [INFO] Processed 3110 frames | Current FPS: 12.6
2025-04-28 22:28:36 [INFO] Processed 3120 frames | Current FPS: 13.3
2025-04-28 22:28:36 [INFO] Processed 3130 frames | Current FPS: 12.2
2025-04-28 22:28:37 [INFO] Processed 3140 frames | Current FPS: 13.1
2025-04-28 22:28:38 [INFO] Processed 3150 frames | Current FPS: 13.1
2025-04-28 22:28:39 [INFO] Processed 3160 frames | Current FPS: 12.9
2025-04-28 22:28:39 [INFO] Processed 3170 frames | Current FPS: 12.2
2025-04-28 22:28:40 [INFO] Processed 3180 frames | Current FPS: 12.7
2025-04-28 22:28:41 [INFO] Processed 3190 frames | Current FPS: 11.6
2025-04-28 22:28:42 [INFO] Processed 3200 frames | Current FPS: 12.7
2025-04-28 22:28:42 [INFO] Processed 3210 frames | Current FPS: 12.9
2025-04-28 22:28:43 [INFO] Processed 3220 frames | Current FPS: 18.9
2025-04-28 22:28:43 [INFO] Processed 3230 frames | Current FPS: 17.2
2025-04-28 22:28:44 [INFO] Processed 3240 frames | Current FPS: 18.0
2025-04-28 22:28:44 [INFO] Processed 3250 frames | Current FPS: 20.4
2025-04-28 22:28:45 [INFO] Processed 3260 frames | Current FPS: 19.4
2025-04-28 22:28:46 [INFO] Processed 3270 frames | Current FPS: 20.5
2025-04-28 22:28:46 [INFO] Processed 3280 frames | Current FPS: 17.8
2025-04-28 22:28:47 [INFO] Processed 3290 frames | Current FPS: 19.4
2025-04-28 22:28:47 [INFO] Processed 3300 frames | Current FPS: 19.4
2025-04-28 22:28:48 [INFO] Processed 3310 frames | Current FPS: 19.5
2025-04-28 22:28:48 [INFO] Processed 3320 frames | Current FPS: 20.3
2025-04-28 22:28:49 [INFO] Processed 3330 frames | Current FPS: 20.6
2025-04-28 22:28:49 [INFO] Processed 3340 frames | Current FPS: 20.2
2025-04-28 22:28:50 [INFO] Processed 3350 frames | Current FPS: 19.1
2025-04-28 22:28:50 [INFO] Processed 3360 frames | Current FPS: 20.3
2025-04-28 22:28:51 [INFO] Processed 3370 frames | Current FPS: 18.3
2025-04-28 22:28:51 [INFO] Processed 3380 frames | Current FPS: 14.2
2025-04-28 22:28:52 [INFO] Processed 3390 frames | Current FPS: 12.6
2025-04-28 22:28:53 [INFO] Processed 3400 frames | Current FPS: 11.7
2025-04-28 22:28:53 [INFO] Processed 3410 frames | Current FPS: 13.5
2025-04-28 22:28:54 [INFO] Processed 3420 frames | Current FPS: 13.1
2025-04-28 22:28:55 [INFO] Processed 3430 frames | Current FPS: 13.2
2025-04-28 22:28:55 [INFO] Processed 3440 frames | Current FPS: 18.6
2025-04-28 22:28:56 [INFO] Processed 3450 frames | Current FPS: 20.3
2025-04-28 22:28:56 [INFO] Processed 3460 frames | Current FPS: 20.7
2025-04-28 22:28:57 [INFO] Processed 3470 frames | Current FPS: 21.1
2025-04-28 22:28:57 [INFO] Processed 3480 frames | Current FPS: 20.1
2025-04-28 22:28:58 [INFO] Processed 3490 frames | Current FPS: 20.1
2025-04-28 22:28:58 [INFO] Processed 3500 frames | Current FPS: 20.6
2025-04-28 22:28:59 [INFO] Processed 3510 frames | Current FPS: 20.0
2025-04-28 22:28:59 [INFO] Processed 3520 frames | Current FPS: 25.5
2025-04-28 22:29:00 [INFO] Processed 3530 frames | Current FPS: 20.2
2025-04-28 22:29:00 [INFO] Processed 3540 frames | Current FPS: 20.9
2025-04-28 22:29:01 [INFO] Processed 3550 frames | Current FPS: 21.0
2025-04-28 22:29:01 [INFO] Processed 3560 frames | Current FPS: 19.4
2025-04-28 22:29:02 [INFO] Processed 3570 frames | Current FPS: 13.9
2025-04-28 22:29:02 [INFO] Processed 3580 frames | Current FPS: 19.7
2025-04-28 22:29:03 [INFO] Processed 3590 frames | Current FPS: 14.1
2025-04-28 22:29:04 [INFO] Processed 3600 frames | Current FPS: 19.2
2025-04-28 22:29:04 [INFO] Processed 3610 frames | Current FPS: 19.0
2025-04-28 22:29:05 [INFO] Processed 3620 frames | Current FPS: 19.7
2025-04-28 22:29:05 [INFO] Processed 3630 frames | Current FPS: 24.0
2025-04-28 22:29:06 [INFO] Processed 3640 frames | Current FPS: 19.6
2025-04-28 22:29:06 [INFO] Processed 3650 frames | Current FPS: 21.8
2025-04-28 22:29:07 [INFO] Processed 3660 frames | Current FPS: 24.3
2025-04-28 22:29:07 [INFO] Processed 3670 frames | Current FPS: 22.3
2025-04-28 22:29:08 [INFO] Processed 3680 frames | Current FPS: 25.3
2025-04-28 22:29:08 [INFO] Processed 3690 frames | Current FPS: 24.9
2025-04-28 22:29:09 [INFO] Processed 3700 frames | Current FPS: 18.9
2025-04-28 22:29:10 [INFO] Processed 3710 frames | Current FPS: 19.7
2025-04-28 22:29:10 [INFO] Processed 3720 frames | Current FPS: 22.8
2025-04-28 22:29:11 [INFO] Processed 3730 frames | Current FPS: 14.3
2025-04-28 22:29:11 [INFO] Processed 3740 frames | Current FPS: 23.1
2025-04-28 22:29:12 [INFO] Processed 3750 frames | Current FPS: 21.2
2025-04-28 22:29:12 [INFO] Processed 3760 frames | Current FPS: 21.4
2025-04-28 22:29:13 [INFO] Processed 3770 frames | Current FPS: 21.5
2025-04-28 22:29:13 [INFO] Processed 3780 frames | Current FPS: 21.2
2025-04-28 22:29:14 [INFO] Processed 3790 frames | Current FPS: 21.5
2025-04-28 22:29:14 [INFO] Processed 3800 frames | Current FPS: 22.2
2025-04-28 22:29:14 [INFO] Processed 3810 frames | Current FPS: 22.8
2025-04-28 22:29:15 [INFO] Processed 3820 frames | Current FPS: 19.8
2025-04-28 22:29:15 [INFO] Processed 3830 frames | Current FPS: 14.5
2025-04-28 22:29:16 [INFO] Processed 3840 frames | Current FPS: 23.4
2025-04-28 22:29:17 [INFO] Processed 3850 frames | Current FPS: 14.3
2025-04-28 22:29:17 [INFO] Processed 3860 frames | Current FPS: 14.6
2025-04-28 22:29:18 [INFO] Processed 3870 frames | Current FPS: 13.5
2025-04-28 22:29:19 [INFO] Processed 3880 frames | Current FPS: 12.7
2025-04-28 22:29:19 [INFO] Processed 3890 frames | Current FPS: 13.8
2025-04-28 22:29:20 [INFO] Processed 3900 frames | Current FPS: 11.6
2025-04-28 22:29:21 [INFO] Processed 3910 frames | Current FPS: 18.4
2025-04-28 22:29:21 [INFO] Processed 3920 frames | Current FPS: 19.6
2025-04-28 22:29:22 [INFO] Processed 3930 frames | Current FPS: 18.3
2025-04-28 22:29:22 [INFO] Processed 3940 frames | Current FPS: 13.9
2025-04-28 22:29:23 [INFO] Processed 3950 frames | Current FPS: 11.5
2025-04-28 22:29:24 [INFO] Processed 3960 frames | Current FPS: 12.9
2025-04-28 22:29:24 [INFO] Processed 3970 frames | Current FPS: 12.6
2025-04-28 22:29:25 [INFO] Processed 3980 frames | Current FPS: 19.8
2025-04-28 22:29:25 [INFO] Processed 3990 frames | Current FPS: 20.8
2025-04-28 22:29:26 [INFO] Processed 4000 frames | Current FPS: 19.0
2025-04-28 22:29:26 [INFO] Processed 4010 frames | Current FPS: 20.1
2025-04-28 22:29:27 [INFO] Processed 4020 frames | Current FPS: 20.7
2025-04-28 22:29:27 [INFO] Processed 4030 frames | Current FPS: 19.5
2025-04-28 22:29:28 [INFO] Processed 4040 frames | Current FPS: 21.4
2025-04-28 22:29:28 [INFO] Processed 4050 frames | Current FPS: 21.3
2025-04-28 22:29:29 [INFO] Processed 4060 frames | Current FPS: 19.5
2025-04-28 22:29:30 [INFO] Processed 4070 frames | Current FPS: 11.9
2025-04-28 22:29:30 [INFO] Processed 4080 frames | Current FPS: 20.6
2025-04-28 22:29:31 [INFO] Processed 4090 frames | Current FPS: 16.7
2025-04-28 22:29:31 [INFO] Processed 4100 frames | Current FPS: 15.7
2025-04-28 22:29:32 [INFO] Processed 4110 frames | Current FPS: 20.3
2025-04-28 22:29:32 [INFO] Processed 4120 frames | Current FPS: 18.9
2025-04-28 22:29:33 [INFO] Processed 4130 frames | Current FPS: 20.7
2025-04-28 22:29:33 [INFO] Processed 4140 frames | Current FPS: 14.2
2025-04-28 22:29:34 [INFO] Processed 4150 frames | Current FPS: 19.7
2025-04-28 22:29:34 [INFO] Processed 4160 frames | Current FPS: 20.6
2025-04-28 22:29:35 [INFO] Processed 4170 frames | Current FPS: 21.6
2025-04-28 22:29:35 [INFO] Processed 4180 frames | Current FPS: 19.8
2025-04-28 22:29:36 [INFO] Processed 4190 frames | Current FPS: 20.0
2025-04-28 22:29:36 [INFO] Processed 4200 frames | Current FPS: 22.4
2025-04-28 22:29:37 [INFO] Processed 4210 frames | Current FPS: 20.8
2025-04-28 22:29:37 [INFO] Processed 4220 frames | Current FPS: 22.4
2025-04-28 22:29:38 [INFO] Processed 4230 frames | Current FPS: 22.1
2025-04-28 22:29:38 [INFO] Processed 4240 frames | Current FPS: 25.0
2025-04-28 22:29:38 [INFO] Processed 4250 frames | Current FPS: 21.3
2025-04-28 22:29:39 [INFO] Processed 4260 frames | Current FPS: 21.9
2025-04-28 22:29:39 [INFO] Processed 4270 frames | Current FPS: 21.4
2025-04-28 22:29:40 [INFO] Processed 4280 frames | Current FPS: 26.7
2025-04-28 22:29:40 [INFO] Processed 4290 frames | Current FPS: 27.3
2025-04-28 22:29:41 [INFO] Processed 4300 frames | Current FPS: 25.4
2025-04-28 22:29:41 [INFO] Processed 4310 frames | Current FPS: 21.4
2025-04-28 22:29:41 [INFO] Processed 4320 frames | Current FPS: 20.7
2025-04-28 22:29:42 [INFO] Processed 4330 frames | Current FPS: 20.9
2025-04-28 22:29:42 [INFO] Processed 4340 frames | Current FPS: 21.4
2025-04-28 22:29:43 [INFO] Processed 4350 frames | Current FPS: 22.6
2025-04-28 22:29:43 [INFO] Processed 4360 frames | Current FPS: 20.7
2025-04-28 22:29:44 [INFO] Processed 4370 frames | Current FPS: 22.1
2025-04-28 22:29:44 [INFO] Processed 4380 frames | Current FPS: 20.9
2025-04-28 22:29:45 [INFO] Processed 4390 frames | Current FPS: 23.9
2025-04-28 22:29:45 [INFO] Processed 4400 frames | Current FPS: 12.6
2025-04-28 22:29:46 [INFO] Processed 4410 frames | Current FPS: 14.4
2025-04-28 22:29:46 [INFO] Processed 4420 frames | Current FPS: 24.7
2025-04-28 22:29:47 [INFO] Processed 4430 frames | Current FPS: 14.0
2025-04-28 22:29:48 [INFO] Processed 4440 frames | Current FPS: 14.0
2025-04-28 22:29:48 [INFO] Processed 4450 frames | Current FPS: 13.0
2025-04-28 22:29:49 [INFO] Processed 4460 frames | Current FPS: 14.0
2025-04-28 22:29:50 [INFO] Processed 4470 frames | Current FPS: 13.4
2025-04-28 22:29:50 [INFO] Processed 4480 frames | Current FPS: 13.4
2025-04-28 22:29:51 [INFO] Processed 4490 frames | Current FPS: 13.5
2025-04-28 22:29:52 [INFO] Processed 4500 frames | Current FPS: 10.4
2025-04-28 22:29:53 [INFO] Processed 4510 frames | Current FPS: 11.4
2025-04-28 22:29:53 [INFO] Processed 4520 frames | Current FPS: 13.5
2025-04-28 22:29:54 [INFO] Processed 4530 frames | Current FPS: 11.7
2025-04-28 22:29:55 [INFO] Processed 4540 frames | Current FPS: 12.1
2025-04-28 22:29:56 [INFO] Processed 4550 frames | Current FPS: 13.1
2025-04-28 22:29:56 [INFO] Processed 4560 frames | Current FPS: 12.5
2025-04-28 22:29:57 [INFO] Processed 4570 frames | Current FPS: 13.1
2025-04-28 22:29:58 [INFO] Processed 4580 frames | Current FPS: 11.9
2025-04-28 22:29:58 [INFO] Processed 4590 frames | Current FPS: 19.1
2025-04-28 22:29:59 [INFO] Processed 4600 frames | Current FPS: 13.0
2025-04-28 22:30:00 [INFO] Processed 4610 frames | Current FPS: 15.6
2025-04-28 22:30:00 [INFO] Processed 4620 frames | Current FPS: 19.5
2025-04-28 22:30:01 [INFO] 
=== Final Statistics ===
2025-04-28 22:30:01 [INFO] Total frames processed: 4628
2025-04-28 22:30:01 [INFO] Processed frames: 4627
2025-04-28 22:30:01 [INFO] Total time: 264.33 seconds
2025-04-28 22:30:01 [INFO] Average FPS: 17.5
2025-04-28 22:30:01 [INFO] Max FPS: 28.7
2025-04-28 22:30:01 [INFO] Output saved to: C:\work_space\ww_project\project\video_output\output.mp4
2025-05-10 15:40:11 [INFO] Processed 10 frames | Current FPS: 8.7
2025-05-10 15:40:12 [INFO] Processed 20 frames | Current FPS: 11.1
2025-05-10 15:40:13 [INFO] Processed 30 frames | Current FPS: 11.0
2025-05-10 15:40:14 [INFO] Processed 40 frames | Current FPS: 11.5
2025-05-10 15:40:15 [INFO] Processed 50 frames | Current FPS: 11.6
2025-05-10 15:40:16 [INFO] Processed 60 frames | Current FPS: 11.5
2025-05-10 15:40:17 [INFO] Processed 70 frames | Current FPS: 11.5
2025-05-10 15:40:17 [INFO] Processed 80 frames | Current FPS: 8.4
2025-05-10 15:40:19 [INFO] Processed 90 frames | Current FPS: 7.7
2025-05-10 15:40:20 [INFO] Processed 100 frames | Current FPS: 8.9
2025-05-10 15:40:21 [INFO] Processed 110 frames | Current FPS: 8.0
2025-05-10 15:40:22 [INFO] Processed 120 frames | Current FPS: 8.5
2025-05-10 15:40:23 [INFO] Processed 130 frames | Current FPS: 10.8
2025-05-10 15:40:24 [INFO] Processed 140 frames | Current FPS: 8.6
2025-05-10 15:40:25 [INFO] Processed 150 frames | Current FPS: 6.5
2025-05-10 15:40:26 [INFO] Processed 160 frames | Current FPS: 8.2
2025-05-10 15:40:27 [INFO] Processed 170 frames | Current FPS: 8.4
2025-05-10 15:40:28 [INFO] Processed 180 frames | Current FPS: 8.5
2025-05-10 15:40:29 [INFO] Processed 190 frames | Current FPS: 10.8
2025-05-10 15:40:30 [INFO] Processed 200 frames | Current FPS: 11.0
2025-05-10 15:40:31 [INFO] Processed 210 frames | Current FPS: 11.0
2025-05-10 15:40:32 [INFO] Processed 220 frames | Current FPS: 10.4
2025-05-10 15:40:33 [INFO] Processed 230 frames | Current FPS: 8.4
2025-05-10 15:40:35 [INFO] Processed 240 frames | Current FPS: 10.2
2025-05-10 15:40:36 [INFO] Processed 250 frames | Current FPS: 8.4
2025-05-10 15:40:37 [INFO] Processed 260 frames | Current FPS: 8.1
2025-05-10 15:40:38 [INFO] Processed 270 frames | Current FPS: 8.2
2025-05-10 15:40:39 [INFO] Processed 280 frames | Current FPS: 8.4
2025-05-10 15:40:40 [INFO] Processed 290 frames | Current FPS: 8.1
2025-05-10 15:40:41 [INFO] Processed 300 frames | Current FPS: 10.8
2025-05-10 15:40:42 [INFO] Processed 310 frames | Current FPS: 11.0
2025-05-10 15:40:43 [INFO] Processed 320 frames | Current FPS: 8.7
2025-05-10 15:40:44 [INFO] Processed 330 frames | Current FPS: 8.4
2025-05-10 15:40:45 [INFO] Processed 340 frames | Current FPS: 10.6
2025-05-10 15:40:46 [INFO] Processed 350 frames | Current FPS: 8.0
2025-05-10 15:40:48 [INFO] Processed 360 frames | Current FPS: 8.1
2025-05-10 15:40:49 [INFO] Processed 370 frames | Current FPS: 10.9
2025-05-10 15:40:50 [INFO] Processed 380 frames | Current FPS: 8.3
2025-05-10 15:40:51 [INFO] Processed 390 frames | Current FPS: 11.1
2025-05-10 15:40:52 [INFO] Processed 400 frames | Current FPS: 10.8
2025-05-10 15:40:52 [INFO] Processed 410 frames | Current FPS: 10.9
2025-05-10 15:40:53 [INFO] Processed 420 frames | Current FPS: 10.9
2025-05-10 15:40:54 [INFO] Processed 430 frames | Current FPS: 11.0
2025-05-10 15:40:55 [INFO] Processed 440 frames | Current FPS: 11.1
2025-05-10 15:40:56 [INFO] Processed 450 frames | Current FPS: 8.8
2025-05-10 15:40:58 [INFO] Processed 460 frames | Current FPS: 7.6
2025-05-10 15:40:59 [INFO] Processed 470 frames | Current FPS: 8.6
2025-05-10 15:41:00 [INFO] Processed 480 frames | Current FPS: 8.3
2025-05-10 15:41:01 [INFO] Processed 490 frames | Current FPS: 6.6
2025-05-10 15:41:02 [INFO] Processed 500 frames | Current FPS: 8.0
2025-05-10 15:41:03 [INFO] Processed 510 frames | Current FPS: 10.8
2025-05-10 15:41:04 [INFO] Processed 520 frames | Current FPS: 8.2
2025-05-10 15:41:05 [INFO] Processed 530 frames | Current FPS: 10.7
2025-05-10 15:41:06 [INFO] Processed 540 frames | Current FPS: 10.0
2025-05-10 15:41:08 [INFO] Processed 550 frames | Current FPS: 8.7
2025-05-10 15:41:09 [INFO] Processed 560 frames | Current FPS: 7.6
2025-05-10 15:41:10 [INFO] Processed 570 frames | Current FPS: 7.9
2025-05-10 15:41:11 [INFO] Processed 580 frames | Current FPS: 8.0
2025-05-10 15:41:12 [INFO] Processed 590 frames | Current FPS: 8.2
2025-05-10 15:41:13 [INFO] Processed 600 frames | Current FPS: 10.5
2025-05-10 15:41:15 [INFO] Processed 610 frames | Current FPS: 7.6
2025-05-10 15:41:16 [INFO] Processed 620 frames | Current FPS: 8.4
2025-05-10 15:41:17 [INFO] Processed 630 frames | Current FPS: 8.2
2025-05-10 15:41:18 [INFO] Processed 640 frames | Current FPS: 7.9
2025-05-10 15:41:19 [INFO] Processed 650 frames | Current FPS: 8.3
2025-05-10 15:41:21 [INFO] Processed 660 frames | Current FPS: 8.9
2025-05-10 15:41:22 [INFO] Processed 670 frames | Current FPS: 6.9
2025-05-10 15:41:23 [INFO] Processed 680 frames | Current FPS: 8.7
2025-05-10 15:41:24 [INFO] Processed 690 frames | Current FPS: 10.6
2025-05-10 15:41:25 [INFO] Processed 700 frames | Current FPS: 7.8
2025-05-10 15:41:26 [INFO] Processed 710 frames | Current FPS: 10.8
2025-05-10 15:41:27 [INFO] Processed 720 frames | Current FPS: 9.6
2025-05-10 15:41:28 [INFO] Processed 730 frames | Current FPS: 10.9
2025-05-10 15:41:29 [INFO] Processed 740 frames | Current FPS: 7.6
2025-05-10 15:41:31 [INFO] Processed 750 frames | Current FPS: 7.5
2025-05-10 15:41:32 [INFO] Processed 760 frames | Current FPS: 10.9
2025-05-10 15:41:33 [INFO] Processed 770 frames | Current FPS: 10.8
2025-05-10 15:41:34 [INFO] Processed 780 frames | Current FPS: 9.9
2025-05-10 15:41:35 [INFO] Processed 790 frames | Current FPS: 10.9
2025-05-10 15:41:36 [INFO] Processed 800 frames | Current FPS: 8.1
2025-05-10 15:41:37 [INFO] Processed 810 frames | Current FPS: 4.5
2025-05-10 15:41:38 [INFO] Processed 820 frames | Current FPS: 8.1
2025-05-10 15:41:39 [INFO] Processed 830 frames | Current FPS: 8.0
2025-05-10 15:41:40 [INFO] Processed 840 frames | Current FPS: 10.4
2025-05-10 15:41:41 [INFO] Processed 850 frames | Current FPS: 8.3
2025-05-10 15:41:43 [INFO] Processed 860 frames | Current FPS: 8.0
2025-05-10 15:41:44 [INFO] Processed 870 frames | Current FPS: 10.6
2025-05-10 15:41:45 [INFO] Processed 880 frames | Current FPS: 11.0
2025-05-10 15:41:46 [INFO] Processed 890 frames | Current FPS: 11.0
2025-05-10 15:41:47 [INFO] Processed 900 frames | Current FPS: 8.8
2025-05-10 15:41:48 [INFO] Processed 910 frames | Current FPS: 8.0
2025-05-10 15:41:49 [INFO] Processed 920 frames | Current FPS: 7.9
2025-05-10 15:41:50 [INFO] Processed 930 frames | Current FPS: 10.9
2025-05-10 15:41:51 [INFO] Processed 940 frames | Current FPS: 9.8
2025-05-10 15:41:52 [INFO] Processed 950 frames | Current FPS: 7.9
2025-05-10 15:41:53 [INFO] Processed 960 frames | Current FPS: 8.0
2025-05-10 15:41:55 [INFO] Processed 970 frames | Current FPS: 8.3
2025-05-10 15:41:56 [INFO] Processed 980 frames | Current FPS: 10.5
2025-05-10 15:41:57 [INFO] Processed 990 frames | Current FPS: 10.6
2025-05-10 15:41:57 [INFO] Processed 1000 frames | Current FPS: 10.9
2025-05-10 15:41:58 [INFO] Processed 1010 frames | Current FPS: 11.2
2025-05-10 15:41:59 [INFO] Processed 1020 frames | Current FPS: 11.0
2025-05-10 15:42:00 [INFO] Processed 1030 frames | Current FPS: 10.0
2025-05-10 15:42:01 [INFO] Processed 1040 frames | Current FPS: 8.6
2025-05-10 15:42:02 [INFO] Processed 1050 frames | Current FPS: 7.7
2025-05-10 15:42:04 [INFO] Processed 1060 frames | Current FPS: 9.5
2025-05-10 15:42:05 [INFO] Processed 1070 frames | Current FPS: 9.8
2025-05-10 15:42:06 [INFO] Processed 1080 frames | Current FPS: 9.8
2025-05-10 15:42:07 [INFO] Processed 1090 frames | Current FPS: 7.5
2025-05-10 15:42:08 [INFO] Processed 1100 frames | Current FPS: 10.3
2025-05-10 15:42:08 [INFO] 
=== Final Statistics ===
2025-05-10 15:42:08 [INFO] Total frames processed: 1102
2025-05-10 15:42:08 [INFO] Processed frames: 1101
2025-05-10 15:42:08 [INFO] Total time: 128.89 seconds
2025-05-10 15:42:08 [INFO] Average FPS: 8.5
2025-05-10 15:42:08 [INFO] Max FPS: 12.3
2025-05-10 15:42:08 [INFO] Output saved to: C:\work_space\ww_project\project\video_output\output.mp4
2025-05-10 15:44:42 [INFO] Processed 10 frames | Current FPS: 10.7
2025-05-10 15:44:43 [INFO] Processed 20 frames | Current FPS: 13.9
2025-05-10 15:44:44 [INFO] Processed 30 frames | Current FPS: 13.8
2025-05-10 15:44:44 [INFO] Processed 40 frames | Current FPS: 13.3
2025-05-10 15:44:45 [INFO] Processed 50 frames | Current FPS: 13.4
2025-05-10 15:44:46 [INFO] Processed 60 frames | Current FPS: 11.7
2025-05-10 15:44:47 [INFO] Processed 70 frames | Current FPS: 12.6
2025-05-10 15:44:48 [INFO] Processed 80 frames | Current FPS: 9.4
2025-05-10 15:44:49 [INFO] Processed 90 frames | Current FPS: 9.4
2025-05-10 15:44:50 [INFO] Processed 100 frames | Current FPS: 9.2
2025-05-10 15:44:51 [INFO] Processed 110 frames | Current FPS: 8.9
2025-05-10 15:44:52 [INFO] Processed 120 frames | Current FPS: 8.8
2025-05-10 15:44:53 [INFO] Processed 130 frames | Current FPS: 12.9
2025-05-10 15:44:54 [INFO] Processed 140 frames | Current FPS: 9.3
2025-05-10 15:44:55 [INFO] Processed 150 frames | Current FPS: 7.5
2025-05-10 15:44:56 [INFO] 
=== Final Statistics ===
2025-05-10 15:44:56 [INFO] Total frames processed: 158
2025-05-10 15:44:56 [INFO] Processed frames: 157
2025-05-10 15:44:56 [INFO] Total time: 21.85 seconds
2025-05-10 15:44:56 [INFO] Average FPS: 7.2
2025-05-10 15:44:56 [INFO] Max FPS: 13.9
2025-05-10 15:44:56 [INFO] Output saved to: C:\work_space\ww_project\project\video_output\output.mp4
2025-05-10 15:45:22 [INFO] Processed 10 frames | Current FPS: 14.1
2025-05-10 15:45:23 [INFO] Processed 20 frames | Current FPS: 14.2
2025-05-10 15:45:24 [INFO] Processed 30 frames | Current FPS: 14.3
2025-05-10 15:45:25 [INFO] Processed 40 frames | Current FPS: 12.6
2025-05-10 15:45:25 [INFO] Processed 50 frames | Current FPS: 12.8
2025-05-10 15:45:26 [INFO] 
=== Final Statistics ===
2025-05-10 15:45:26 [INFO] Total frames processed: 52
2025-05-10 15:45:26 [INFO] Processed frames: 51
2025-05-10 15:45:26 [INFO] Total time: 8.82 seconds
2025-05-10 15:45:26 [INFO] Average FPS: 5.8
2025-05-10 15:45:26 [INFO] Max FPS: 14.3
2025-05-10 15:45:26 [INFO] Output saved to: C:\work_space\ww_project\project\video_output\output.mp4
2025-05-10 15:45:58 [INFO] Processed 10 frames | Current FPS: 23.7
2025-05-10 15:45:59 [INFO] Processed 20 frames | Current FPS: 25.2
2025-05-10 15:45:59 [INFO] Processed 30 frames | Current FPS: 27.8
2025-05-10 15:45:59 [INFO] Processed 40 frames | Current FPS: 27.1
2025-05-10 15:46:00 [INFO] Processed 50 frames | Current FPS: 27.6
2025-05-10 15:46:00 [INFO] Processed 60 frames | Current FPS: 25.9
2025-05-10 15:46:01 [INFO] Processed 70 frames | Current FPS: 27.1
2025-05-10 15:46:01 [INFO] Processed 80 frames | Current FPS: 21.9
2025-05-10 15:46:01 [INFO] Processed 90 frames | Current FPS: 22.1
2025-05-10 15:46:02 [INFO] Processed 100 frames | Current FPS: 21.2
2025-05-10 15:46:02 [INFO] Processed 110 frames | Current FPS: 21.8
2025-05-10 15:46:03 [INFO] Processed 120 frames | Current FPS: 21.8
2025-05-10 15:46:03 [INFO] Processed 130 frames | Current FPS: 25.2
2025-05-10 15:46:04 [INFO] Processed 140 frames | Current FPS: 20.9
2025-05-10 15:46:04 [INFO] Processed 150 frames | Current FPS: 13.7
2025-05-10 15:46:05 [INFO] Processed 160 frames | Current FPS: 21.2
2025-05-10 15:46:05 [INFO] Processed 170 frames | Current FPS: 19.8
2025-05-10 15:46:06 [INFO] Processed 180 frames | Current FPS: 21.7
2025-05-10 15:46:06 [INFO] Processed 190 frames | Current FPS: 25.5
2025-05-10 15:46:06 [INFO] Processed 200 frames | Current FPS: 25.2
2025-05-10 15:46:07 [INFO] Processed 210 frames | Current FPS: 25.9
2025-05-10 15:46:07 [INFO] Processed 220 frames | Current FPS: 20.3
2025-05-10 15:46:08 [INFO] Processed 230 frames | Current FPS: 20.0
2025-05-10 15:46:08 [INFO] Processed 240 frames | Current FPS: 26.6
2025-05-10 15:46:09 [INFO] Processed 250 frames | Current FPS: 21.0
2025-05-10 15:46:09 [INFO] Processed 260 frames | Current FPS: 20.7
2025-05-10 15:46:10 [INFO] Processed 270 frames | Current FPS: 19.8
2025-05-10 15:46:10 [INFO] Processed 280 frames | Current FPS: 20.9
2025-05-10 15:46:11 [INFO] Processed 290 frames | Current FPS: 20.2
2025-05-10 15:46:11 [INFO] Processed 300 frames | Current FPS: 25.9
2025-05-10 15:46:12 [INFO] Processed 310 frames | Current FPS: 26.0
2025-05-10 15:46:12 [INFO] Processed 320 frames | Current FPS: 20.4
2025-05-10 15:46:12 [INFO] Processed 330 frames | Current FPS: 20.1
2025-05-10 15:46:13 [INFO] Processed 340 frames | Current FPS: 24.8
2025-05-10 15:46:13 [INFO] Processed 350 frames | Current FPS: 19.3
2025-05-10 15:46:14 [INFO] Processed 360 frames | Current FPS: 19.8
2025-05-10 15:46:14 [INFO] Processed 370 frames | Current FPS: 26.2
2025-05-10 15:46:15 [INFO] Processed 380 frames | Current FPS: 20.6
2025-05-10 15:46:15 [INFO] Processed 390 frames | Current FPS: 26.1
2025-05-10 15:46:16 [INFO] Processed 400 frames | Current FPS: 26.1
2025-05-10 15:46:16 [INFO] Processed 410 frames | Current FPS: 25.4
2025-05-10 15:46:16 [INFO] Processed 420 frames | Current FPS: 24.9
2025-05-10 15:46:17 [INFO] Processed 430 frames | Current FPS: 25.5
2025-05-10 15:46:17 [INFO] Processed 440 frames | Current FPS: 26.8
2025-05-10 15:46:18 [INFO] Processed 450 frames | Current FPS: 20.5
2025-05-10 15:46:18 [INFO] Processed 460 frames | Current FPS: 19.9
2025-05-10 15:46:19 [INFO] Processed 470 frames | Current FPS: 20.6
2025-05-10 15:46:19 [INFO] Processed 480 frames | Current FPS: 19.5
2025-05-10 15:46:20 [INFO] Processed 490 frames | Current FPS: 21.3
2025-05-10 15:46:20 [INFO] Processed 500 frames | Current FPS: 20.5
2025-05-10 15:46:21 [INFO] Processed 510 frames | Current FPS: 25.4
2025-05-10 15:46:21 [INFO] Processed 520 frames | Current FPS: 19.9
2025-05-10 15:46:22 [INFO] Processed 530 frames | Current FPS: 25.8
2025-05-10 15:46:22 [INFO] Processed 540 frames | Current FPS: 20.4
2025-05-10 15:46:23 [INFO] Processed 550 frames | Current FPS: 20.0
2025-05-10 15:46:23 [INFO] Processed 560 frames | Current FPS: 21.2
2025-05-10 15:46:23 [INFO] Processed 570 frames | Current FPS: 20.7
2025-05-10 15:46:24 [INFO] Processed 580 frames | Current FPS: 20.7
2025-05-10 15:46:24 [INFO] Processed 590 frames | Current FPS: 21.1
2025-05-10 15:46:25 [INFO] Processed 600 frames | Current FPS: 26.6
2025-05-10 15:46:25 [INFO] Processed 610 frames | Current FPS: 20.7
2025-05-10 15:46:26 [INFO] Processed 620 frames | Current FPS: 20.0
2025-05-10 15:46:26 [INFO] Processed 630 frames | Current FPS: 20.7
2025-05-10 15:46:27 [INFO] Processed 640 frames | Current FPS: 20.8
2025-05-10 15:46:27 [INFO] Processed 650 frames | Current FPS: 20.7
2025-05-10 15:46:28 [INFO] Processed 660 frames | Current FPS: 19.3
2025-05-10 15:46:28 [INFO] Processed 670 frames | Current FPS: 20.3
2025-05-10 15:46:29 [INFO] Processed 680 frames | Current FPS: 16.2
2025-05-10 15:46:29 [INFO] Processed 690 frames | Current FPS: 25.3
2025-05-10 15:46:30 [INFO] Processed 700 frames | Current FPS: 18.6
2025-05-10 15:46:30 [INFO] Processed 710 frames | Current FPS: 24.2
2025-05-10 15:46:31 [INFO] Processed 720 frames | Current FPS: 20.2
2025-05-10 15:46:31 [INFO] Processed 730 frames | Current FPS: 27.6
2025-05-10 15:46:32 [INFO] Processed 740 frames | Current FPS: 21.5
2025-05-10 15:46:32 [INFO] Processed 750 frames | Current FPS: 26.2
2025-05-10 15:46:32 [INFO] Processed 760 frames | Current FPS: 25.6
2025-05-10 15:46:33 [INFO] Processed 770 frames | Current FPS: 25.7
2025-05-10 15:46:33 [INFO] Processed 780 frames | Current FPS: 25.5
2025-05-10 15:46:34 [INFO] Processed 790 frames | Current FPS: 26.2
2025-05-10 15:46:34 [INFO] Processed 800 frames | Current FPS: 18.2
2025-05-10 15:46:35 [INFO] Processed 810 frames | Current FPS: 19.2
2025-05-10 15:46:35 [INFO] Processed 820 frames | Current FPS: 19.5
2025-05-10 15:46:36 [INFO] Processed 830 frames | Current FPS: 19.5
2025-05-10 15:46:36 [INFO] Processed 840 frames | Current FPS: 25.4
2025-05-10 15:46:37 [INFO] Processed 850 frames | Current FPS: 21.3
2025-05-10 15:46:37 [INFO] Processed 860 frames | Current FPS: 21.7
2025-05-10 15:46:37 [INFO] Processed 870 frames | Current FPS: 25.9
2025-05-10 15:46:38 [INFO] Processed 880 frames | Current FPS: 26.6
2025-05-10 15:46:38 [INFO] Processed 890 frames | Current FPS: 27.2
2025-05-10 15:46:39 [INFO] Processed 900 frames | Current FPS: 20.8
2025-05-10 15:46:39 [INFO] Processed 910 frames | Current FPS: 22.3
2025-05-10 15:46:40 [INFO] Processed 920 frames | Current FPS: 21.6
2025-05-10 15:46:40 [INFO] Processed 930 frames | Current FPS: 25.5
2025-05-10 15:46:40 [INFO] Processed 940 frames | Current FPS: 25.7
2025-05-10 15:46:41 [INFO] Processed 950 frames | Current FPS: 22.0
2025-05-10 15:46:41 [INFO] Processed 960 frames | Current FPS: 21.6
2025-05-10 15:46:42 [INFO] Processed 970 frames | Current FPS: 21.7
2025-05-10 15:46:42 [INFO] Processed 980 frames | Current FPS: 25.3
2025-05-10 15:46:43 [INFO] Processed 990 frames | Current FPS: 26.3
2025-05-10 15:46:43 [INFO] Processed 1000 frames | Current FPS: 26.2
2025-05-10 15:46:43 [INFO] Processed 1010 frames | Current FPS: 26.6
2025-05-10 15:46:44 [INFO] Processed 1020 frames | Current FPS: 26.6
2025-05-10 15:46:44 [INFO] Processed 1030 frames | Current FPS: 20.3
2025-05-10 15:46:45 [INFO] Processed 1040 frames | Current FPS: 20.4
2025-05-10 15:46:45 [INFO] Processed 1050 frames | Current FPS: 19.7
2025-05-10 15:46:46 [INFO] Processed 1060 frames | Current FPS: 19.3
2025-05-10 15:46:46 [INFO] Processed 1070 frames | Current FPS: 24.0
2025-05-10 15:46:47 [INFO] Processed 1080 frames | Current FPS: 26.4
2025-05-10 15:46:47 [INFO] Processed 1090 frames | Current FPS: 20.7
2025-05-10 15:46:48 [INFO] Processed 1100 frames | Current FPS: 25.8
2025-05-10 15:46:48 [INFO] Processed 1110 frames | Current FPS: 21.1
2025-05-10 15:46:48 [INFO] Processed 1120 frames | Current FPS: 26.3
2025-05-10 15:46:49 [INFO] Processed 1130 frames | Current FPS: 20.0
2025-05-10 15:46:49 [INFO] Processed 1140 frames | Current FPS: 24.9
2025-05-10 15:46:50 [INFO] Processed 1150 frames | Current FPS: 19.8
2025-05-10 15:46:50 [INFO] Processed 1160 frames | Current FPS: 20.7
2025-05-10 15:46:51 [INFO] Processed 1170 frames | Current FPS: 19.8
2025-05-10 15:46:51 [INFO] Processed 1180 frames | Current FPS: 19.8
2025-05-10 15:46:52 [INFO] Processed 1190 frames | Current FPS: 21.7
2025-05-10 15:46:52 [INFO] Processed 1200 frames | Current FPS: 25.2
2025-05-10 15:46:52 [INFO] Processed 1210 frames | Current FPS: 24.9
2025-05-10 15:46:53 [INFO] Processed 1220 frames | Current FPS: 20.0
2025-05-10 15:46:53 [INFO] Processed 1230 frames | Current FPS: 25.3
2025-05-10 15:46:54 [INFO] Processed 1240 frames | Current FPS: 19.5
2025-05-10 15:46:54 [INFO] Processed 1250 frames | Current FPS: 19.9
2025-05-10 15:46:55 [INFO] Processed 1260 frames | Current FPS: 24.8
2025-05-10 15:46:55 [INFO] Processed 1270 frames | Current FPS: 18.8
2025-05-10 15:46:56 [INFO] Processed 1280 frames | Current FPS: 17.4
2025-05-10 15:46:56 [INFO] Processed 1290 frames | Current FPS: 24.9
2025-05-10 15:46:57 [INFO] Processed 1300 frames | Current FPS: 19.8
2025-05-10 15:46:57 [INFO] Processed 1310 frames | Current FPS: 25.6
2025-05-10 15:46:58 [INFO] Processed 1320 frames | Current FPS: 20.4
2025-05-10 15:46:58 [INFO] Processed 1330 frames | Current FPS: 18.6
2025-05-10 15:46:59 [INFO] Processed 1340 frames | Current FPS: 24.4
2025-05-10 15:46:59 [INFO] Processed 1350 frames | Current FPS: 25.0
2025-05-10 15:47:00 [INFO] Processed 1360 frames | Current FPS: 22.5
2025-05-10 15:47:00 [INFO] Processed 1370 frames | Current FPS: 18.7
2025-05-10 15:47:01 [INFO] Processed 1380 frames | Current FPS: 20.1
2025-05-10 15:47:01 [INFO] Processed 1390 frames | Current FPS: 20.3
2025-05-10 15:47:01 [INFO] Processed 1400 frames | Current FPS: 20.5
2025-05-10 15:47:02 [INFO] Processed 1410 frames | Current FPS: 20.5
2025-05-10 15:47:02 [INFO] Processed 1420 frames | Current FPS: 26.3
2025-05-10 15:47:03 [INFO] Processed 1430 frames | Current FPS: 25.7
2025-05-10 15:47:03 [INFO] Processed 1440 frames | Current FPS: 20.0
2025-05-10 15:47:04 [INFO] Processed 1450 frames | Current FPS: 25.4
2025-05-10 15:47:04 [INFO] Processed 1460 frames | Current FPS: 20.6
2025-05-10 15:47:05 [INFO] Processed 1470 frames | Current FPS: 20.1
2025-05-10 15:47:05 [INFO] Processed 1480 frames | Current FPS: 18.8
2025-05-10 15:47:06 [INFO] Processed 1490 frames | Current FPS: 18.3
2025-05-10 15:47:06 [INFO] Processed 1500 frames | Current FPS: 19.4
2025-05-10 15:47:07 [INFO] Processed 1510 frames | Current FPS: 20.1
2025-05-10 15:47:07 [INFO] Processed 1520 frames | Current FPS: 25.9
2025-05-10 15:47:07 [INFO] Processed 1530 frames | Current FPS: 25.9
2025-05-10 15:47:08 [INFO] Processed 1540 frames | Current FPS: 20.8
2025-05-10 15:47:08 [INFO] Processed 1550 frames | Current FPS: 26.0
2025-05-10 15:47:09 [INFO] Processed 1560 frames | Current FPS: 26.5
2025-05-10 15:47:09 [INFO] Processed 1570 frames | Current FPS: 20.7
2025-05-10 15:47:10 [INFO] Processed 1580 frames | Current FPS: 21.4
2025-05-10 15:47:10 [INFO] Processed 1590 frames | Current FPS: 26.9
2025-05-10 15:47:10 [INFO] Processed 1600 frames | Current FPS: 26.7
2025-05-10 15:47:11 [INFO] Processed 1610 frames | Current FPS: 20.5
2025-05-10 15:47:11 [INFO] Processed 1620 frames | Current FPS: 20.8
2025-05-10 15:47:12 [INFO] Processed 1630 frames | Current FPS: 19.4
2025-05-10 15:47:12 [INFO] Processed 1640 frames | Current FPS: 20.4
2025-05-10 15:47:13 [INFO] Processed 1650 frames | Current FPS: 20.1
2025-05-10 15:47:13 [INFO] Processed 1660 frames | Current FPS: 21.0
2025-05-10 15:47:14 [INFO] Processed 1670 frames | Current FPS: 20.9
2025-05-10 15:47:14 [INFO] Processed 1680 frames | Current FPS: 19.7
2025-05-10 15:47:15 [INFO] Processed 1690 frames | Current FPS: 20.1
2025-05-10 15:47:15 [INFO] Processed 1700 frames | Current FPS: 25.1
2025-05-10 15:47:16 [INFO] Processed 1710 frames | Current FPS: 18.3
2025-05-10 15:47:16 [INFO] Processed 1720 frames | Current FPS: 12.5
2025-05-10 15:47:17 [INFO] Processed 1730 frames | Current FPS: 19.9
2025-05-10 15:47:18 [INFO] Processed 1740 frames | Current FPS: 19.5
2025-05-10 15:47:18 [INFO] Processed 1750 frames | Current FPS: 21.0
2025-05-10 15:47:18 [INFO] Processed 1760 frames | Current FPS: 21.2
2025-05-10 15:47:19 [INFO] Processed 1770 frames | Current FPS: 19.4
2025-05-10 15:47:20 [INFO] Processed 1780 frames | Current FPS: 20.5
2025-05-10 15:47:20 [INFO] Processed 1790 frames | Current FPS: 20.5
2025-05-10 15:47:20 [INFO] Processed 1800 frames | Current FPS: 26.2
2025-05-10 15:47:21 [INFO] Processed 1810 frames | Current FPS: 26.0
2025-05-10 15:47:21 [INFO] Processed 1820 frames | Current FPS: 18.9
2025-05-10 15:47:22 [INFO] Processed 1830 frames | Current FPS: 26.1
2025-05-10 15:47:22 [INFO] Processed 1840 frames | Current FPS: 26.5
2025-05-10 15:47:23 [INFO] Processed 1850 frames | Current FPS: 25.2
2025-05-10 15:47:23 [INFO] 
=== Final Statistics ===
2025-05-10 15:47:23 [INFO] Total frames processed: 1854
2025-05-10 15:47:23 [INFO] Processed frames: 1854
2025-05-10 15:47:23 [INFO] Total time: 88.80 seconds
2025-05-10 15:47:23 [INFO] Average FPS: 20.9
2025-05-10 15:47:23 [INFO] Max FPS: 28.4
2025-05-10 15:47:23 [INFO] Output saved to: C:\work_space\ww_project\project\video_output\output.mp4
2025-05-11 20:06:08 [INFO] Processed 10 frames | Current FPS: 10.4
2025-05-11 20:06:09 [INFO] Processed 20 frames | Current FPS: 10.7
2025-05-11 20:06:10 [INFO] Processed 30 frames | Current FPS: 11.6
2025-05-11 20:06:11 [INFO] Processed 40 frames | Current FPS: 11.0
2025-05-11 20:06:12 [INFO] Processed 50 frames | Current FPS: 11.0
2025-05-11 20:06:13 [INFO] Processed 60 frames | Current FPS: 11.1
2025-05-11 20:06:13 [INFO] Processed 70 frames | Current FPS: 11.1
2025-05-11 20:06:14 [INFO] Processed 80 frames | Current FPS: 8.9
2025-05-11 20:06:16 [INFO] Processed 90 frames | Current FPS: 8.4
2025-05-11 20:06:17 [INFO] 
=== Final Statistics ===
2025-05-11 20:06:17 [INFO] Total frames processed: 97
2025-05-11 20:06:17 [INFO] Processed frames: 96
2025-05-11 20:06:17 [INFO] Total time: 25.98 seconds
2025-05-11 20:06:17 [INFO] Average FPS: 3.7
2025-05-11 20:06:17 [INFO] Max FPS: 12.4
2025-05-11 20:06:17 [INFO] Output saved to: C:\work_space\ww_project\project\video_output\output.mp4
