2025-04-22 21:07:05 [INFO] Processed 10 frames | Current FPS: 10.9
2025-04-22 21:07:05 [INFO] Processed 20 frames | Current FPS: 14.5
2025-04-22 21:07:06 [INFO] Processed 30 frames | Current FPS: 12.9
2025-04-22 21:07:07 [INFO] Processed 40 frames | Current FPS: 14.0
2025-04-22 21:07:07 [INFO] Processed 50 frames | Current FPS: 13.3
2025-04-22 21:07:08 [INFO] Processed 60 frames | Current FPS: 12.0
2025-04-22 21:07:09 [INFO] Processed 70 frames | Current FPS: 16.1
2025-04-22 21:07:09 [INFO] Processed 80 frames | Current FPS: 12.9
2025-04-22 21:07:10 [INFO] Processed 90 frames | Current FPS: 12.8
2025-04-22 21:07:11 [INFO] Processed 100 frames | Current FPS: 21.1
2025-04-22 21:07:11 [INFO] Processed 110 frames | Current FPS: 20.0
2025-04-22 21:07:12 [INFO] Processed 120 frames | Current FPS: 21.7
2025-04-22 21:07:12 [INFO] Processed 130 frames | Current FPS: 9.5
2025-04-22 21:07:13 [INFO] Processed 140 frames | Current FPS: 17.2
2025-04-22 21:07:14 [INFO] Processed 150 frames | Current FPS: 12.0
2025-04-22 21:07:15 [INFO] Processed 160 frames | Current FPS: 11.7
2025-04-22 21:07:15 [INFO] Processed 170 frames | Current FPS: 13.0
2025-04-22 21:07:16 [INFO] Processed 180 frames | Current FPS: 12.8
2025-04-22 21:07:17 [INFO] Processed 190 frames | Current FPS: 12.9
2025-04-22 21:07:18 [INFO] Processed 200 frames | Current FPS: 13.5
2025-04-22 21:07:18 [INFO] Processed 210 frames | Current FPS: 17.5
2025-04-22 21:07:19 [INFO] Processed 220 frames | Current FPS: 12.3
2025-04-22 21:07:19 [INFO] Processed 230 frames | Current FPS: 23.2
2025-04-22 21:07:20 [INFO] Processed 240 frames | Current FPS: 20.6
2025-04-22 21:07:20 [INFO] Processed 250 frames | Current FPS: 21.4
2025-04-22 21:07:21 [INFO] Processed 260 frames | Current FPS: 12.3
2025-04-22 21:07:22 [INFO] Processed 270 frames | Current FPS: 12.3
2025-04-22 21:07:22 [INFO] Processed 280 frames | Current FPS: 13.4
2025-04-22 21:07:23 [INFO] Processed 290 frames | Current FPS: 13.2
2025-04-22 21:07:24 [INFO] Processed 300 frames | Current FPS: 17.8
2025-04-22 21:07:25 [INFO] Processed 310 frames | Current FPS: 13.3
2025-04-22 21:07:25 [INFO] Processed 320 frames | Current FPS: 12.8
2025-04-22 21:07:26 [INFO] Processed 330 frames | Current FPS: 12.3
2025-04-22 21:07:27 [INFO] Processed 340 frames | Current FPS: 12.5
2025-04-22 21:07:27 [INFO] Processed 350 frames | Current FPS: 13.0
2025-04-22 21:07:28 [INFO] Processed 360 frames | Current FPS: 13.7
2025-04-22 21:07:29 [INFO] Processed 370 frames | Current FPS: 24.0
2025-04-22 21:07:30 [INFO] Processed 380 frames | Current FPS: 12.3
2025-04-22 21:07:30 [INFO] Processed 390 frames | Current FPS: 12.3
2025-04-22 21:07:31 [INFO] Processed 400 frames | Current FPS: 21.6
2025-04-22 21:07:31 [INFO] Processed 410 frames | Current FPS: 27.0
2025-04-22 21:07:32 [INFO] Processed 420 frames | Current FPS: 26.8
2025-04-22 21:07:32 [INFO] Processed 430 frames | Current FPS: 22.3
2025-04-22 21:07:33 [INFO] Processed 440 frames | Current FPS: 13.6
2025-04-22 21:07:33 [INFO] Processed 450 frames | Current FPS: 13.4
2025-04-22 21:07:34 [INFO] Processed 460 frames | Current FPS: 12.6
2025-04-22 21:07:35 [INFO] Processed 470 frames | Current FPS: 20.8
2025-04-22 21:07:36 [INFO] Processed 480 frames | Current FPS: 12.7
2025-04-22 21:07:36 [INFO] Processed 490 frames | Current FPS: 11.5
2025-04-22 21:07:37 [INFO] Processed 500 frames | Current FPS: 18.0
2025-04-22 21:07:38 [INFO] Processed 510 frames | Current FPS: 11.5
2025-04-22 21:07:39 [INFO] Processed 520 frames | Current FPS: 13.0
2025-04-22 21:07:40 [INFO] Processed 530 frames | Current FPS: 17.8
2025-04-22 21:07:40 [INFO] Processed 540 frames | Current FPS: 12.9
2025-04-22 21:07:41 [INFO] Processed 550 frames | Current FPS: 11.1
2025-04-22 21:07:42 [INFO] Processed 560 frames | Current FPS: 16.3
2025-04-22 21:07:42 [INFO] Processed 570 frames | Current FPS: 11.8
2025-04-22 21:07:43 [INFO] Processed 580 frames | Current FPS: 10.7
2025-04-22 21:07:44 [INFO] Processed 590 frames | Current FPS: 11.7
2025-04-22 21:07:45 [INFO] Processed 600 frames | Current FPS: 15.2
2025-04-22 21:07:45 [INFO] Processed 610 frames | Current FPS: 12.1
2025-04-22 21:07:45 [INFO] 
=== Final Statistics ===
2025-04-22 21:07:45 [INFO] Total frames processed: 614
2025-04-22 21:07:45 [INFO] Processed frames: 614
2025-04-22 21:07:45 [INFO] Total time: 45.23 seconds
2025-04-22 21:07:45 [INFO] Average FPS: 13.6
2025-04-22 21:07:45 [INFO] Max FPS: 28.8
2025-04-22 21:07:45 [INFO] Output saved to: video_output\output_tracking.mp4
